<?xml version="1.0" encoding="UTF-8"?>
<testsuite name="com.petnet.domain.topic.service.TopicServiceTest" tests="1" skipped="0" failures="0" errors="0" timestamp="2024-11-21T12:14:53" hostname="BIT" time="0.885">
  <properties/>
  <testcase name="searchTopics()" classname="com.petnet.domain.topic.service.TopicServiceTest" time="0.885"/>
  <system-out><![CDATA[21:14:52.196 [Test worker] INFO org.springframework.test.context.support.AnnotationConfigContextLoaderUtils -- Could not detect default configuration classes for test class [com.petnet.domain.topic.service.TopicServiceTest]: TopicServiceTest does not declare any static, non-private, non-final, nested classes annotated with @Configuration.
21:14:52.278 [Test worker] INFO org.springframework.boot.test.context.SpringBootTestContextBootstrapper -- Found @SpringBootConfiguration com.petnet.PetNetApplication for test class com.petnet.domain.topic.service.TopicServiceTest

  .   ____          _            __ _ _
 /\\ / ___'_ __ _ _(_)_ __  __ _ \ \ \ \
( ( )\___ | '_ | '_| | '_ \/ _` | \ \ \ \
 \\/  ___)| |_)| | | | | || (_| |  ) ) ) )
  '  |____| .__|_| |_|_| |_\__, | / / / /
 =========|_|==============|___/=/_/_/_/

 :: Spring Boot ::                (v3.3.4)

2024-11-21 21:14:52,660 ?[34m[INFO ]?[0;39m [Test worker] ?[35m[c.p.d.topic.service.TopicServiceTest]?[0;39m: Starting TopicServiceTest using Java 17.0.12 with PID 21552 (started by bitcamp in C:\IdeaProjects\petnet_init)
2024-11-21 21:14:52,661 ?[39m[DEBUG]?[0;39m [Test worker] ?[35m[c.p.d.topic.service.TopicServiceTest]?[0;39m: Running with Spring Boot v3.3.4, Spring v6.1.13
2024-11-21 21:14:52,662 ?[34m[INFO ]?[0;39m [Test worker] ?[35m[c.p.d.topic.service.TopicServiceTest]?[0;39m: The following 1 profile is active: "local"
2024-11-21 21:14:52,662 ?[39m[DEBUG]?[0;39m [Test worker] ?[35m[o.s.boot.SpringApplication]?[0;39m: Loading source class com.petnet.PetNetApplication
2024-11-21 21:14:52,686 ?[39m[DEBUG]?[0;39m [Test worker] ?[35m[o.s.w.c.s.GenericWebApplicationContext]?[0;39m: Refreshing org.springframework.web.context.support.GenericWebApplicationContext@4c59e45e
2024-11-21 21:14:52,700 ?[39m[DEBUG]?[0;39m [Test worker] ?[35m[o.s.b.f.s.DefaultListableBeanFactory]?[0;39m: Creating shared instance of singleton bean 'org.springframework.context.annotation.internalConfigurationAnnotationProcessor'
2024-11-21 21:14:52,711 ?[39m[DEBUG]?[0;39m [Test worker] ?[35m[o.s.b.f.s.DefaultListableBeanFactory]?[0;39m: Creating shared instance of singleton bean 'org.springframework.boot.autoconfigure.internalCachingMetadataReaderFactory'
2024-11-21 21:14:52,736 ?[39m[DEBUG]?[0;39m [Test worker] ?[35m[o.s.c.a.ClassPathBeanDefinitionScanner]?[0;39m: Identified candidate component class: file [C:\IdeaProjects\petnet_init\build\classes\java\main\com\petnet\core\datasource\DataSourceConfig.class]
2024-11-21 21:14:52,742 ?[39m[DEBUG]?[0;39m [Test worker] ?[35m[o.s.c.a.ClassPathBeanDefinitionScanner]?[0;39m: Identified candidate component class: file [C:\IdeaProjects\petnet_init\build\classes\java\main\com\petnet\domain\topic\controller\TopicRestController.class]
2024-11-21 21:14:52,744 ?[39m[DEBUG]?[0;39m [Test worker] ?[35m[o.s.c.a.ClassPathBeanDefinitionScanner]?[0;39m: Identified candidate component class: file [C:\IdeaProjects\petnet_init\build\classes\java\main\com\petnet\domain\topic\service\TopicServiceImpl.class]
2024-11-21 21:14:53,031 ?[39m[DEBUG]?[0;39m [Test worker] ?[35m[o.s.b.f.s.DefaultListableBeanFactory]?[0;39m: Creating shared instance of singleton bean 'org.springframework.boot.autoconfigure.AutoConfigurationPackages'
2024-11-21 21:14:53,036 ?[39m[DEBUG]?[0;39m [Test worker] ?[35m[o.s.b.a.AutoConfigurationPackages]?[0;39m: @EnableAutoConfiguration was declared on a class in the package 'com.petnet'. Automatic @Repository and @Entity scanning is enabled.
2024-11-21 21:14:53,037 ?[39m[DEBUG]?[0;39m [Test worker] ?[35m[o.m.s.b.a.MybatisAutoConfiguration]?[0;39m: Searching for mappers annotated with @Mapper
2024-11-21 21:14:53,037 ?[39m[DEBUG]?[0;39m [Test worker] ?[35m[o.m.s.b.a.MybatisAutoConfiguration]?[0;39m: Using auto-configuration base package 'com.petnet'
2024-11-21 21:14:53,106 ?[39m[DEBUG]?[0;39m [Test worker] ?[35m[o.s.b.f.s.DefaultListableBeanFactory]?[0;39m: Creating shared instance of singleton bean 'org.mybatis.spring.mapper.MapperScannerConfigurer'
2024-11-21 21:14:53,108 ?[39m[DEBUG]?[0;39m [Test worker] ?[35m[o.s.b.f.s.DefaultListableBeanFactory]?[0;39m: Creating shared instance of singleton bean 'propertySourcesPlaceholderConfigurer'
2024-11-21 21:14:53,115 ?[39m[DEBUG]?[0;39m [Test worker] ?[35m[o.apache.ibatis.logging.LogFactory]?[0;39m: Logging initialized using 'class org.apache.ibatis.logging.slf4j.Slf4jImpl' adapter.
2024-11-21 21:14:53,121 ?[39m[DEBUG]?[0;39m [Test worker] ?[35m[o.m.s.mapper.ClassPathMapperScanner]?[0;39m: Identified candidate component class: file [C:\IdeaProjects\petnet_init\build\classes\java\main\com\petnet\domain\topic\mapper\TopicMapper.class]
2024-11-21 21:14:53,122 ?[39m[DEBUG]?[0;39m [Test worker] ?[35m[o.m.s.mapper.ClassPathMapperScanner]?[0;39m: Creating MapperFactoryBean with name 'topicMapper' and 'com.petnet.domain.topic.mapper.TopicMapper' mapperInterface
2024-11-21 21:14:53,200 ?[39m[DEBUG]?[0;39m [Test worker] ?[35m[o.s.b.f.s.DefaultListableBeanFactory]?[0;39m: Creating shared instance of singleton bean 'org.springframework.boot.test.mock.mockito.MockitoPostProcessor'
2024-11-21 21:14:53,201 ?[39m[DEBUG]?[0;39m [Test worker] ?[35m[o.s.b.f.s.DefaultListableBeanFactory]?[0;39m: Creating shared instance of singleton bean 'enableEncryptablePropertySourcesPostProcessor'
2024-11-21 21:14:53,205 ?[39m[DEBUG]?[0;39m [Test worker] ?[35m[o.s.b.f.s.DefaultListableBeanFactory]?[0;39m: Creating shared instance of singleton bean 'encryptablePropertySourceConverter'
2024-11-21 21:14:53,207 ?[39m[DEBUG]?[0;39m [Test worker] ?[35m[o.s.b.f.s.DefaultListableBeanFactory]?[0;39m: Creating shared instance of singleton bean 'lazyEncryptablePropertyResolver'
2024-11-21 21:14:53,207 ?[39m[DEBUG]?[0;39m [Test worker] ?[35m[o.s.b.f.s.DefaultListableBeanFactory]?[0;39m: Creating shared instance of singleton bean 'com.ulisesbocchio.jasyptspringboot.configuration.EncryptablePropertyResolverConfiguration'
2024-11-21 21:14:53,208 ?[39m[DEBUG]?[0;39m [Test worker] ?[35m[o.s.b.f.s.DefaultListableBeanFactory]?[0;39m: Creating shared instance of singleton bean 'lazyEncryptablePropertyDetector'
2024-11-21 21:14:53,208 ?[39m[DEBUG]?[0;39m [Test worker] ?[35m[o.s.b.f.s.DefaultListableBeanFactory]?[0;39m: Creating shared instance of singleton bean 'envCopy'
2024-11-21 21:14:53,209 ?[39m[DEBUG]?[0;39m [Test worker] ?[35m[o.s.b.f.s.DefaultListableBeanFactory]?[0;39m: Autowiring by type from bean name 'envCopy' via factory method to bean named 'environment'
2024-11-21 21:14:53,211 ?[39m[DEBUG]?[0;39m [Test worker] ?[35m[o.s.b.f.s.DefaultListableBeanFactory]?[0;39m: Autowiring by type from bean name 'lazyEncryptablePropertyDetector' via factory method to bean named 'envCopy'
2024-11-21 21:14:53,211 ?[39m[DEBUG]?[0;39m [Test worker] ?[35m[o.s.b.f.s.DefaultListableBeanFactory]?[0;39m: Autowiring by type from bean name 'lazyEncryptablePropertyDetector' via factory method to bean named 'org.springframework.beans.factory.support.DefaultListableBeanFactory@140d1230'
2024-11-21 21:14:53,213 ?[39m[DEBUG]?[0;39m [Test worker] ?[35m[o.s.b.f.s.DefaultListableBeanFactory]?[0;39m: Creating shared instance of singleton bean 'lazyJasyptStringEncryptor'
2024-11-21 21:14:53,214 ?[39m[DEBUG]?[0;39m [Test worker] ?[35m[o.s.b.f.s.DefaultListableBeanFactory]?[0;39m: Autowiring by type from bean name 'lazyJasyptStringEncryptor' via factory method to bean named 'envCopy'
2024-11-21 21:14:53,214 ?[39m[DEBUG]?[0;39m [Test worker] ?[35m[o.s.b.f.s.DefaultListableBeanFactory]?[0;39m: Autowiring by type from bean name 'lazyJasyptStringEncryptor' via factory method to bean named 'org.springframework.beans.factory.support.DefaultListableBeanFactory@140d1230'
2024-11-21 21:14:53,214 ?[39m[DEBUG]?[0;39m [Test worker] ?[35m[o.s.c.e.PropertySourcesPropertyResolver]?[0;39m: Found key 'jasypt.encryptor.bean' in PropertySource 'Config resource 'class path resource [application.yml]' via location 'optional:classpath:/'' with value of type String
2024-11-21 21:14:53,216 ?[39m[DEBUG]?[0;39m [Test worker] ?[35m[o.s.b.f.s.DefaultListableBeanFactory]?[0;39m: Autowiring by type from bean name 'lazyEncryptablePropertyResolver' via factory method to bean named 'lazyEncryptablePropertyDetector'
2024-11-21 21:14:53,216 ?[39m[DEBUG]?[0;39m [Test worker] ?[35m[o.s.b.f.s.DefaultListableBeanFactory]?[0;39m: Autowiring by type from bean name 'lazyEncryptablePropertyResolver' via factory method to bean named 'lazyJasyptStringEncryptor'
2024-11-21 21:14:53,216 ?[39m[DEBUG]?[0;39m [Test worker] ?[35m[o.s.b.f.s.DefaultListableBeanFactory]?[0;39m: Autowiring by type from bean name 'lazyEncryptablePropertyResolver' via factory method to bean named 'org.springframework.beans.factory.support.DefaultListableBeanFactory@140d1230'
2024-11-21 21:14:53,216 ?[39m[DEBUG]?[0;39m [Test worker] ?[35m[o.s.b.f.s.DefaultListableBeanFactory]?[0;39m: Autowiring by type from bean name 'lazyEncryptablePropertyResolver' via factory method to bean named 'envCopy'
2024-11-21 21:14:53,216 ?[39m[DEBUG]?[0;39m [Test worker] ?[35m[o.s.b.f.s.DefaultListableBeanFactory]?[0;39m: Autowiring by type from bean name 'lazyEncryptablePropertyResolver' via factory method to bean named 'environment'
2024-11-21 21:14:53,218 ?[39m[DEBUG]?[0;39m [Test worker] ?[35m[o.s.b.f.s.DefaultListableBeanFactory]?[0;39m: Creating shared instance of singleton bean 'lazyEncryptablePropertyFilter'
2024-11-21 21:14:53,219 ?[39m[DEBUG]?[0;39m [Test worker] ?[35m[o.s.b.f.s.DefaultListableBeanFactory]?[0;39m: Autowiring by type from bean name 'lazyEncryptablePropertyFilter' via factory method to bean named 'envCopy'
2024-11-21 21:14:53,219 ?[39m[DEBUG]?[0;39m [Test worker] ?[35m[o.s.b.f.s.DefaultListableBeanFactory]?[0;39m: Autowiring by type from bean name 'lazyEncryptablePropertyFilter' via factory method to bean named 'org.springframework.beans.factory.support.DefaultListableBeanFactory@140d1230'
2024-11-21 21:14:53,220 ?[39m[DEBUG]?[0;39m [Test worker] ?[35m[o.s.b.f.s.DefaultListableBeanFactory]?[0;39m: Autowiring by type from bean name 'encryptablePropertySourceConverter' via factory method to bean named 'environment'
2024-11-21 21:14:53,220 ?[39m[DEBUG]?[0;39m [Test worker] ?[35m[o.s.b.f.s.DefaultListableBeanFactory]?[0;39m: Autowiring by type from bean name 'encryptablePropertySourceConverter' via factory method to bean named 'lazyEncryptablePropertyResolver'
2024-11-21 21:14:53,220 ?[39m[DEBUG]?[0;39m [Test worker] ?[35m[o.s.b.f.s.DefaultListableBeanFactory]?[0;39m: Autowiring by type from bean name 'encryptablePropertySourceConverter' via factory method to bean named 'lazyEncryptablePropertyFilter'
2024-11-21 21:14:53,223 ?[39m[DEBUG]?[0;39m [Test worker] ?[35m[o.s.b.f.s.DefaultListableBeanFactory]?[0;39m: Autowiring by type from bean name 'enableEncryptablePropertySourcesPostProcessor' via factory method to bean named 'environment'
2024-11-21 21:14:53,223 ?[39m[DEBUG]?[0;39m [Test worker] ?[35m[o.s.b.f.s.DefaultListableBeanFactory]?[0;39m: Autowiring by type from bean name 'enableEncryptablePropertySourcesPostProcessor' via factory method to bean named 'encryptablePropertySourceConverter'
2024-11-21 21:14:53,223 ?[39m[DEBUG]?[0;39m [Test worker] ?[35m[o.s.b.f.s.DefaultListableBeanFactory]?[0;39m: Creating shared instance of singleton bean 'org.springframework.boot.sql.init.dependency.DatabaseInitializationDependencyConfigurer$DependsOnDatabaseInitializationPostProcessor'
2024-11-21 21:14:53,242 ?[34m[INFO ]?[0;39m [Test worker] ?[35m[c.u.j.c.EnableEncryptablePropertiesBeanFactoryPostProcessor]?[0;39m: Post-processing PropertySource instances
2024-11-21 21:14:53,243 ?[34m[INFO ]?[0;39m [Test worker] ?[35m[c.u.j.EncryptablePropertySourceConverter]?[0;39m: Skipping PropertySource configurationProperties [class org.springframework.boot.context.properties.source.ConfigurationPropertySourcesPropertySource
2024-11-21 21:14:53,244 ?[34m[INFO ]?[0;39m [Test worker] ?[35m[c.u.j.EncryptablePropertySourceConverter]?[0;39m: Converting PropertySource test [org.springframework.core.env.MapPropertySource] to EncryptableMapPropertySourceWrapper
2024-11-21 21:14:53,245 ?[34m[INFO ]?[0;39m [Test worker] ?[35m[c.u.j.EncryptablePropertySourceConverter]?[0;39m: Converting PropertySource Inlined Test Properties [org.springframework.core.env.MapPropertySource] to EncryptableMapPropertySourceWrapper
2024-11-21 21:14:53,245 ?[34m[INFO ]?[0;39m [Test worker] ?[35m[c.u.j.EncryptablePropertySourceConverter]?[0;39m: Skipping PropertySource servletConfigInitParams [class org.springframework.core.env.PropertySource$StubPropertySource
2024-11-21 21:14:53,245 ?[34m[INFO ]?[0;39m [Test worker] ?[35m[c.u.j.EncryptablePropertySourceConverter]?[0;39m: Converting PropertySource servletContextInitParams [org.springframework.web.context.support.ServletContextPropertySource] to EncryptableEnumerablePropertySourceWrapper
2024-11-21 21:14:53,245 ?[34m[INFO ]?[0;39m [Test worker] ?[35m[c.u.j.EncryptablePropertySourceConverter]?[0;39m: Converting PropertySource systemProperties [org.springframework.core.env.PropertiesPropertySource] to EncryptableMapPropertySourceWrapper
2024-11-21 21:14:53,245 ?[34m[INFO ]?[0;39m [Test worker] ?[35m[c.u.j.EncryptablePropertySourceConverter]?[0;39m: Converting PropertySource systemEnvironment [org.springframework.boot.env.SystemEnvironmentPropertySourceEnvironmentPostProcessor$OriginAwareSystemEnvironmentPropertySource] to EncryptableSystemEnvironmentPropertySourceWrapper
2024-11-21 21:14:53,245 ?[34m[INFO ]?[0;39m [Test worker] ?[35m[c.u.j.EncryptablePropertySourceConverter]?[0;39m: Converting PropertySource random [org.springframework.boot.env.RandomValuePropertySource] to EncryptablePropertySourceWrapper
2024-11-21 21:14:53,245 ?[34m[INFO ]?[0;39m [Test worker] ?[35m[c.u.j.EncryptablePropertySourceConverter]?[0;39m: Converting PropertySource Config resource 'class path resource [application-local.yml]' via location 'optional:classpath:/' [org.springframework.boot.env.OriginTrackedMapPropertySource] to EncryptableMapPropertySourceWrapper
2024-11-21 21:14:53,246 ?[34m[INFO ]?[0;39m [Test worker] ?[35m[c.u.j.EncryptablePropertySourceConverter]?[0;39m: Converting PropertySource Config resource 'class path resource [application.yml]' via location 'optional:classpath:/' [org.springframework.boot.env.OriginTrackedMapPropertySource] to EncryptableMapPropertySourceWrapper
2024-11-21 21:14:53,251 ?[39m[DEBUG]?[0;39m [Test worker] ?[35m[o.s.b.f.s.DefaultListableBeanFactory]?[0;39m: Creating shared instance of singleton bean 'org.springframework.context.event.internalEventListenerProcessor'
2024-11-21 21:14:53,252 ?[39m[DEBUG]?[0;39m [Test worker] ?[35m[o.s.b.f.s.DefaultListableBeanFactory]?[0;39m: Creating shared instance of singleton bean 'preserveErrorControllerTargetClassPostProcessor'
2024-11-21 21:14:53,252 ?[39m[DEBUG]?[0;39m [Test worker] ?[35m[o.s.b.f.s.DefaultListableBeanFactory]?[0;39m: Creating shared instance of singleton bean 'forceAutoProxyCreatorToUseClassProxying'
2024-11-21 21:14:53,253 ?[39m[DEBUG]?[0;39m [Test worker] ?[35m[o.s.b.f.s.DefaultListableBeanFactory]?[0;39m: Creating shared instance of singleton bean 'org.springframework.context.event.internalEventListenerFactory'
2024-11-21 21:14:53,253 ?[39m[DEBUG]?[0;39m [Test worker] ?[35m[o.s.b.f.s.DefaultListableBeanFactory]?[0;39m: Creating shared instance of singleton bean 'org.springframework.transaction.config.internalTransactionalEventListenerFactory'
2024-11-21 21:14:53,255 ?[39m[DEBUG]?[0;39m [Test worker] ?[35m[o.s.b.f.s.DefaultListableBeanFactory]?[0;39m: Creating shared instance of singleton bean 'org.springframework.boot.test.mock.mockito.MockitoPostProcessor$SpyPostProcessor'
2024-11-21 21:14:53,256 ?[39m[DEBUG]?[0;39m [Test worker] ?[35m[o.s.b.f.s.DefaultListableBeanFactory]?[0;39m: Creating shared instance of singleton bean 'org.springframework.context.annotation.internalAutowiredAnnotationProcessor'
2024-11-21 21:14:53,258 ?[39m[DEBUG]?[0;39m [Test worker] ?[35m[o.s.b.f.s.DefaultListableBeanFactory]?[0;39m: Creating shared instance of singleton bean 'org.springframework.context.annotation.internalCommonAnnotationProcessor'
2024-11-21 21:14:53,260 ?[39m[DEBUG]?[0;39m [Test worker] ?[35m[o.s.b.f.s.DefaultListableBeanFactory]?[0;39m: Creating shared instance of singleton bean 'org.springframework.boot.context.properties.ConfigurationPropertiesBindingPostProcessor'
2024-11-21 21:14:53,260 ?[39m[DEBUG]?[0;39m [Test worker] ?[35m[o.s.b.f.s.DefaultListableBeanFactory]?[0;39m: Creating shared instance of singleton bean 'org.springframework.boot.context.internalConfigurationPropertiesBinder'
2024-11-21 21:14:53,262 ?[39m[DEBUG]?[0;39m [Test worker] ?[35m[o.s.b.f.s.DefaultListableBeanFactory]?[0;39m: Creating shared instance of singleton bean 'org.springframework.aop.config.internalAutoProxyCreator'
2024-11-21 21:14:53,270 ?[39m[DEBUG]?[0;39m [Test worker] ?[35m[o.s.b.f.s.DefaultListableBeanFactory]?[0;39m: Creating shared instance of singleton bean 'persistenceExceptionTranslationPostProcessor'
2024-11-21 21:14:53,271 ?[39m[DEBUG]?[0;39m [Test worker] ?[35m[o.s.b.f.s.DefaultListableBeanFactory]?[0;39m: Autowiring by type from bean name 'persistenceExceptionTranslationPostProcessor' via factory method to bean named 'environment'
2024-11-21 21:14:53,275 ?[39m[DEBUG]?[0;39m [Test worker] ?[35m[o.s.b.f.s.DefaultListableBeanFactory]?[0;39m: Creating shared instance of singleton bean 'webServerFactoryCustomizerBeanPostProcessor'
2024-11-21 21:14:53,275 ?[39m[DEBUG]?[0;39m [Test worker] ?[35m[o.s.b.f.s.DefaultListableBeanFactory]?[0;39m: Creating shared instance of singleton bean 'errorPageRegistrarBeanPostProcessor'
2024-11-21 21:14:53,278 ?[39m[DEBUG]?[0;39m [Test worker] ?[35m[o.s.u.c.s.UiApplicationContextUtils]?[0;39m: Unable to locate ThemeSource with name 'themeSource': using default [org.springframework.ui.context.support.ResourceBundleThemeSource@1f736d00]
2024-11-21 21:14:53,280 ?[39m[DEBUG]?[0;39m [Test worker] ?[35m[o.s.b.f.s.DefaultListableBeanFactory]?[0;39m: Creating shared instance of singleton bean 'petNetApplication'
2024-11-21 21:14:53,282 ?[39m[DEBUG]?[0;39m [Test worker] ?[35m[o.s.b.f.s.DefaultListableBeanFactory]?[0;39m: Creating shared instance of singleton bean 'org.springframework.transaction.config.internalTransactionAdvisor'
2024-11-21 21:14:53,282 ?[39m[DEBUG]?[0;39m [Test worker] ?[35m[o.s.b.f.s.DefaultListableBeanFactory]?[0;39m: Creating shared instance of singleton bean 'org.springframework.transaction.annotation.ProxyTransactionManagementConfiguration'
2024-11-21 21:14:53,286 ?[39m[DEBUG]?[0;39m [Test worker] ?[35m[o.s.b.f.s.DefaultListableBeanFactory]?[0;39m: Creating shared instance of singleton bean 'transactionAttributeSource'
2024-11-21 21:14:53,287 ?[39m[DEBUG]?[0;39m [Test worker] ?[35m[o.s.b.f.s.DefaultListableBeanFactory]?[0;39m: Creating shared instance of singleton bean 'transactionInterceptor'
2024-11-21 21:14:53,288 ?[39m[DEBUG]?[0;39m [Test worker] ?[35m[o.s.b.f.s.DefaultListableBeanFactory]?[0;39m: Autowiring by type from bean name 'transactionInterceptor' via factory method to bean named 'transactionAttributeSource'
2024-11-21 21:14:53,292 ?[39m[DEBUG]?[0;39m [Test worker] ?[35m[o.s.b.f.s.DefaultListableBeanFactory]?[0;39m: Autowiring by type from bean name 'org.springframework.transaction.config.internalTransactionAdvisor' via factory method to bean named 'transactionAttributeSource'
2024-11-21 21:14:53,292 ?[39m[DEBUG]?[0;39m [Test worker] ?[35m[o.s.b.f.s.DefaultListableBeanFactory]?[0;39m: Autowiring by type from bean name 'org.springframework.transaction.config.internalTransactionAdvisor' via factory method to bean named 'transactionInterceptor'
2024-11-21 21:14:53,295 ?[39m[DEBUG]?[0;39m [Test worker] ?[35m[o.s.b.f.s.DefaultListableBeanFactory]?[0;39m: Creating shared instance of singleton bean 'dataSourceConfig'
2024-11-21 21:14:53,296 ?[39m[DEBUG]?[0;39m [Test worker] ?[35m[o.s.b.f.s.DefaultListableBeanFactory]?[0;39m: Creating shared instance of singleton bean 'topicRestController'
2024-11-21 21:14:53,298 ?[39m[DEBUG]?[0;39m [Test worker] ?[35m[o.s.b.f.s.DefaultListableBeanFactory]?[0;39m: Creating shared instance of singleton bean 'topicServiceImpl'
2024-11-21 21:14:53,299 ?[39m[DEBUG]?[0;39m [Test worker] ?[35m[o.s.b.f.s.DefaultListableBeanFactory]?[0;39m: Creating shared instance of singleton bean 'topicMapper'
2024-11-21 21:14:53,303 ?[39m[DEBUG]?[0;39m [Test worker] ?[35m[o.s.b.f.s.DefaultListableBeanFactory]?[0;39m: Creating shared instance of singleton bean 'sqlSessionFactory'
2024-11-21 21:14:53,303 ?[39m[DEBUG]?[0;39m [Test worker] ?[35m[o.s.b.f.s.DefaultListableBeanFactory]?[0;39m: Creating shared instance of singleton bean 'dataSource'
2024-11-21 21:14:53,307 ?[39m[DEBUG]?[0;39m [Test worker] ?[35m[o.s.b.f.s.DefaultListableBeanFactory]?[0;39m: Creating shared instance of singleton bean 'org.springframework.boot.context.properties.BoundConfigurationProperties'
2024-11-21 21:14:53,322 ?[34m[INFO ]?[0;39m [Test worker] ?[35m[c.u.j.f.DefaultLazyPropertyFilter]?[0;39m: Property Filter custom Bean not found with name 'encryptablePropertyFilter'. Initializing Default Property Filter
2024-11-21 21:14:53,332 ?[34m[INFO ]?[0;39m [Test worker] ?[35m[c.u.j.r.DefaultLazyPropertyResolver]?[0;39m: Property Resolver custom Bean not found with name 'encryptablePropertyResolver'. Initializing Default Property Resolver
2024-11-21 21:14:53,334 ?[34m[INFO ]?[0;39m [Test worker] ?[35m[c.u.j.d.DefaultLazyPropertyDetector]?[0;39m: Property Detector custom Bean not found with name 'encryptablePropertyDetector'. Initializing Default Property Detector
2024-11-21 21:14:53,341 ?[39m[DEBUG]?[0;39m [Test worker] ?[35m[com.zaxxer.hikari.HikariConfig]?[0;39m: Driver class com.mysql.cj.jdbc.Driver found in Thread context class loader jdk.internal.loader.ClassLoaders$AppClassLoader@6d06d69c
2024-11-21 21:14:53,349 ?[39m[DEBUG]?[0;39m [Test worker] ?[35m[o.s.b.f.s.DefaultListableBeanFactory]?[0;39m: Autowiring by type from bean name 'sqlSessionFactory' via factory method to bean named 'dataSource'
2024-11-21 21:14:53,414 ?[39m[DEBUG]?[0;39m [Test worker] ?[35m[o.m.spring.SqlSessionFactoryBean]?[0;39m: Parsed mapper file: 'file [C:\IdeaProjects\petnet_init\build\resources\main\sql\TodoMapper.xml]'
2024-11-21 21:14:53,457 ?[39m[DEBUG]?[0;39m [Test worker] ?[35m[o.m.spring.SqlSessionFactoryBean]?[0;39m: Parsed mapper file: 'file [C:\IdeaProjects\petnet_init\build\resources\main\sql\TopicMapper.xml]'
2024-11-21 21:14:53,480 ?[39m[DEBUG]?[0;39m [Test worker] ?[35m[o.s.b.f.s.DefaultListableBeanFactory]?[0;39m: Creating shared instance of singleton bean 'sqlSession'
2024-11-21 21:14:53,480 ?[39m[DEBUG]?[0;39m [Test worker] ?[35m[o.s.b.f.s.DefaultListableBeanFactory]?[0;39m: Autowiring by type from bean name 'sqlSession' via factory method to bean named 'sqlSessionFactory'
2024-11-21 21:14:53,481 ?[39m[DEBUG]?[0;39m [Test worker] ?[35m[o.s.b.f.s.DefaultListableBeanFactory]?[0;39m: Creating shared instance of singleton bean 'org.springframework.boot.autoconfigure.context.PropertyPlaceholderAutoConfiguration'
2024-11-21 21:14:53,482 ?[39m[DEBUG]?[0;39m [Test worker] ?[35m[o.s.b.f.s.DefaultListableBeanFactory]?[0;39m: Creating shared instance of singleton bean 'org.springframework.boot.autoconfigure.ssl.SslAutoConfiguration'
2024-11-21 21:14:53,483 ?[39m[DEBUG]?[0;39m [Test worker] ?[35m[o.s.b.f.s.DefaultListableBeanFactory]?[0;39m: Creating shared instance of singleton bean 'spring.ssl-org.springframework.boot.autoconfigure.ssl.SslProperties'
2024-11-21 21:14:53,484 ?[39m[DEBUG]?[0;39m [Test worker] ?[35m[o.s.b.f.s.DefaultListableBeanFactory]?[0;39m: Autowiring by type from bean name 'org.springframework.boot.autoconfigure.ssl.SslAutoConfiguration' via constructor to bean named 'spring.ssl-org.springframework.boot.autoconfigure.ssl.SslProperties'
2024-11-21 21:14:53,485 ?[39m[DEBUG]?[0;39m [Test worker] ?[35m[o.s.b.f.s.DefaultListableBeanFactory]?[0;39m: Creating shared instance of singleton bean 'fileWatcher'
2024-11-21 21:14:53,486 ?[39m[DEBUG]?[0;39m [Test worker] ?[35m[o.s.b.f.s.DefaultListableBeanFactory]?[0;39m: Creating shared instance of singleton bean 'sslPropertiesSslBundleRegistrar'
2024-11-21 21:14:53,486 ?[39m[DEBUG]?[0;39m [Test worker] ?[35m[o.s.b.f.s.DefaultListableBeanFactory]?[0;39m: Autowiring by type from bean name 'sslPropertiesSslBundleRegistrar' via factory method to bean named 'fileWatcher'
2024-11-21 21:14:53,488 ?[39m[DEBUG]?[0;39m [Test worker] ?[35m[o.s.b.f.s.DefaultListableBeanFactory]?[0;39m: Creating shared instance of singleton bean 'sslBundleRegistry'
2024-11-21 21:14:53,493 ?[39m[DEBUG]?[0;39m [Test worker] ?[35m[o.s.b.f.s.DefaultListableBeanFactory]?[0;39m: Creating shared instance of singleton bean 'org.springframework.boot.context.properties.EnableConfigurationPropertiesRegistrar.methodValidationExcludeFilter'
2024-11-21 21:14:53,495 ?[39m[DEBUG]?[0;39m [Test worker] ?[35m[o.s.b.f.s.DefaultListableBeanFactory]?[0;39m: Creating shared instance of singleton bean 'org.springframework.boot.autoconfigure.websocket.servlet.WebSocketServletAutoConfiguration$TomcatWebSocketConfiguration'
2024-11-21 21:14:53,495 ?[39m[DEBUG]?[0;39m [Test worker] ?[35m[o.s.b.f.s.DefaultListableBeanFactory]?[0;39m: Creating shared instance of singleton bean 'websocketServletWebServerCustomizer'
2024-11-21 21:14:53,497 ?[39m[DEBUG]?[0;39m [Test worker] ?[35m[o.s.b.f.s.DefaultListableBeanFactory]?[0;39m: Creating shared instance of singleton bean 'org.springframework.boot.autoconfigure.websocket.servlet.WebSocketServletAutoConfiguration'
2024-11-21 21:14:53,497 ?[39m[DEBUG]?[0;39m [Test worker] ?[35m[o.s.b.f.s.DefaultListableBeanFactory]?[0;39m: Creating shared instance of singleton bean 'org.springframework.boot.autoconfigure.web.servlet.ServletWebServerFactoryConfiguration$EmbeddedTomcat'
2024-11-21 21:14:53,497 ?[39m[DEBUG]?[0;39m [Test worker] ?[35m[o.s.b.f.s.DefaultListableBeanFactory]?[0;39m: Creating shared instance of singleton bean 'tomcatServletWebServerFactory'
2024-11-21 21:14:53,524 ?[39m[DEBUG]?[0;39m [Test worker] ?[35m[o.s.b.f.s.DefaultListableBeanFactory]?[0;39m: Creating shared instance of singleton bean 'servletWebServerFactoryCustomizer'
2024-11-21 21:14:53,524 ?[39m[DEBUG]?[0;39m [Test worker] ?[35m[o.s.b.f.s.DefaultListableBeanFactory]?[0;39m: Creating shared instance of singleton bean 'org.springframework.boot.autoconfigure.web.servlet.ServletWebServerFactoryAutoConfiguration'
2024-11-21 21:14:53,525 ?[39m[DEBUG]?[0;39m [Test worker] ?[35m[o.s.b.f.s.DefaultListableBeanFactory]?[0;39m: Creating shared instance of singleton bean 'server-org.springframework.boot.autoconfigure.web.ServerProperties'
2024-11-21 21:14:53,533 ?[39m[DEBUG]?[0;39m [Test worker] ?[35m[o.s.b.f.s.DefaultListableBeanFactory]?[0;39m: Autowiring by type from bean name 'servletWebServerFactoryCustomizer' via factory method to bean named 'server-org.springframework.boot.autoconfigure.web.ServerProperties'
2024-11-21 21:14:53,535 ?[39m[DEBUG]?[0;39m [Test worker] ?[35m[o.s.b.f.s.DefaultListableBeanFactory]?[0;39m: Creating shared instance of singleton bean 'tomcatServletWebServerFactoryCustomizer'
2024-11-21 21:14:53,535 ?[39m[DEBUG]?[0;39m [Test worker] ?[35m[o.s.b.f.s.DefaultListableBeanFactory]?[0;39m: Autowiring by type from bean name 'tomcatServletWebServerFactoryCustomizer' via factory method to bean named 'server-org.springframework.boot.autoconfigure.web.ServerProperties'
2024-11-21 21:14:53,535 ?[39m[DEBUG]?[0;39m [Test worker] ?[35m[o.s.b.f.s.DefaultListableBeanFactory]?[0;39m: Creating shared instance of singleton bean 'localeCharsetMappingsCustomizer'
2024-11-21 21:14:53,536 ?[39m[DEBUG]?[0;39m [Test worker] ?[35m[o.s.b.f.s.DefaultListableBeanFactory]?[0;39m: Creating shared instance of singleton bean 'org.springframework.boot.autoconfigure.web.servlet.HttpEncodingAutoConfiguration'
2024-11-21 21:14:53,536 ?[39m[DEBUG]?[0;39m [Test worker] ?[35m[o.s.b.f.s.DefaultListableBeanFactory]?[0;39m: Autowiring by type from bean name 'org.springframework.boot.autoconfigure.web.servlet.HttpEncodingAutoConfiguration' via constructor to bean named 'server-org.springframework.boot.autoconfigure.web.ServerProperties'
2024-11-21 21:14:53,545 ?[39m[DEBUG]?[0;39m [Test worker] ?[35m[o.s.b.f.s.DefaultListableBeanFactory]?[0;39m: Creating shared instance of singleton bean 'errorPageCustomizer'
2024-11-21 21:14:53,546 ?[39m[DEBUG]?[0;39m [Test worker] ?[35m[o.s.b.f.s.DefaultListableBeanFactory]?[0;39m: Creating shared instance of singleton bean 'org.springframework.boot.autoconfigure.web.servlet.error.ErrorMvcAutoConfiguration'
2024-11-21 21:14:53,546 ?[39m[DEBUG]?[0;39m [Test worker] ?[35m[o.s.b.f.s.DefaultListableBeanFactory]?[0;39m: Autowiring by type from bean name 'org.springframework.boot.autoconfigure.web.servlet.error.ErrorMvcAutoConfiguration' via constructor to bean named 'server-org.springframework.boot.autoconfigure.web.ServerProperties'
2024-11-21 21:14:53,547 ?[39m[DEBUG]?[0;39m [Test worker] ?[35m[o.s.b.f.s.DefaultListableBeanFactory]?[0;39m: Creating shared instance of singleton bean 'dispatcherServletRegistration'
2024-11-21 21:14:53,547 ?[39m[DEBUG]?[0;39m [Test worker] ?[35m[o.s.b.f.s.DefaultListableBeanFactory]?[0;39m: Creating shared instance of singleton bean 'org.springframework.boot.autoconfigure.web.servlet.DispatcherServletAutoConfiguration$DispatcherServletRegistrationConfiguration'
2024-11-21 21:14:53,548 ?[39m[DEBUG]?[0;39m [Test worker] ?[35m[o.s.b.f.s.DefaultListableBeanFactory]?[0;39m: Creating shared instance of singleton bean 'dispatcherServlet'
2024-11-21 21:14:53,548 ?[39m[DEBUG]?[0;39m [Test worker] ?[35m[o.s.b.f.s.DefaultListableBeanFactory]?[0;39m: Creating shared instance of singleton bean 'org.springframework.boot.autoconfigure.web.servlet.DispatcherServletAutoConfiguration$DispatcherServletConfiguration'
2024-11-21 21:14:53,549 ?[39m[DEBUG]?[0;39m [Test worker] ?[35m[o.s.b.f.s.DefaultListableBeanFactory]?[0;39m: Creating shared instance of singleton bean 'spring.mvc-org.springframework.boot.autoconfigure.web.servlet.WebMvcProperties'
2024-11-21 21:14:53,551 ?[39m[DEBUG]?[0;39m [Test worker] ?[35m[o.s.b.f.s.DefaultListableBeanFactory]?[0;39m: Autowiring by type from bean name 'dispatcherServlet' via factory method to bean named 'spring.mvc-org.springframework.boot.autoconfigure.web.servlet.WebMvcProperties'
2024-11-21 21:14:53,561 ?[39m[DEBUG]?[0;39m [Test worker] ?[35m[o.s.b.f.s.DefaultListableBeanFactory]?[0;39m: Autowiring by type from bean name 'dispatcherServletRegistration' via factory method to bean named 'dispatcherServlet'
2024-11-21 21:14:53,561 ?[39m[DEBUG]?[0;39m [Test worker] ?[35m[o.s.b.f.s.DefaultListableBeanFactory]?[0;39m: Autowiring by type from bean name 'dispatcherServletRegistration' via factory method to bean named 'spring.mvc-org.springframework.boot.autoconfigure.web.servlet.WebMvcProperties'
2024-11-21 21:14:53,563 ?[39m[DEBUG]?[0;39m [Test worker] ?[35m[o.s.b.f.s.DefaultListableBeanFactory]?[0;39m: Creating shared instance of singleton bean 'multipartConfigElement'
2024-11-21 21:14:53,563 ?[39m[DEBUG]?[0;39m [Test worker] ?[35m[o.s.b.f.s.DefaultListableBeanFactory]?[0;39m: Creating shared instance of singleton bean 'org.springframework.boot.autoconfigure.web.servlet.MultipartAutoConfiguration'
2024-11-21 21:14:53,564 ?[39m[DEBUG]?[0;39m [Test worker] ?[35m[o.s.b.f.s.DefaultListableBeanFactory]?[0;39m: Creating shared instance of singleton bean 'spring.servlet.multipart-org.springframework.boot.autoconfigure.web.servlet.MultipartProperties'
2024-11-21 21:14:53,567 ?[39m[DEBUG]?[0;39m [Test worker] ?[35m[o.s.b.f.s.DefaultListableBeanFactory]?[0;39m: Autowiring by type from bean name 'org.springframework.boot.autoconfigure.web.servlet.MultipartAutoConfiguration' via constructor to bean named 'spring.servlet.multipart-org.springframework.boot.autoconfigure.web.servlet.MultipartProperties'
2024-11-21 21:14:53,570 ?[39m[DEBUG]?[0;39m [Test worker] ?[35m[o.s.b.f.s.DefaultListableBeanFactory]?[0;39m: Autowiring by type from bean name 'errorPageCustomizer' via factory method to bean named 'dispatcherServletRegistration'
2024-11-21 21:14:53,572 ?[39m[DEBUG]?[0;39m [Test worker] ?[35m[o.s.b.f.s.DefaultListableBeanFactory]?[0;39m: Creating shared instance of singleton bean 'org.springframework.boot.autoconfigure.web.servlet.DispatcherServletAutoConfiguration'
2024-11-21 21:14:53,573 ?[39m[DEBUG]?[0;39m [Test worker] ?[35m[o.s.b.f.s.DefaultListableBeanFactory]?[0;39m: Creating shared instance of singleton bean 'org.springframework.boot.autoconfigure.task.TaskExecutorConfigurations$ThreadPoolTaskExecutorBuilderConfiguration'
2024-11-21 21:14:53,573 ?[39m[DEBUG]?[0;39m [Test worker] ?[35m[o.s.b.f.s.DefaultListableBeanFactory]?[0;39m: Creating shared instance of singleton bean 'threadPoolTaskExecutorBuilder'
2024-11-21 21:14:53,574 ?[39m[DEBUG]?[0;39m [Test worker] ?[35m[o.s.b.f.s.DefaultListableBeanFactory]?[0;39m: Creating shared instance of singleton bean 'spring.task.execution-org.springframework.boot.autoconfigure.task.TaskExecutionProperties'
2024-11-21 21:14:53,575 ?[39m[DEBUG]?[0;39m [Test worker] ?[35m[o.s.b.f.s.DefaultListableBeanFactory]?[0;39m: Autowiring by type from bean name 'threadPoolTaskExecutorBuilder' via factory method to bean named 'spring.task.execution-org.springframework.boot.autoconfigure.task.TaskExecutionProperties'
2024-11-21 21:14:53,578 ?[39m[DEBUG]?[0;39m [Test worker] ?[35m[o.s.b.f.s.DefaultListableBeanFactory]?[0;39m: Creating shared instance of singleton bean 'org.springframework.boot.autoconfigure.task.TaskExecutorConfigurations$TaskExecutorBuilderConfiguration'
2024-11-21 21:14:53,578 ?[39m[DEBUG]?[0;39m [Test worker] ?[35m[o.s.b.f.s.DefaultListableBeanFactory]?[0;39m: Creating shared instance of singleton bean 'taskExecutorBuilder'
2024-11-21 21:14:53,579 ?[39m[DEBUG]?[0;39m [Test worker] ?[35m[o.s.b.f.s.DefaultListableBeanFactory]?[0;39m: Autowiring by type from bean name 'taskExecutorBuilder' via factory method to bean named 'spring.task.execution-org.springframework.boot.autoconfigure.task.TaskExecutionProperties'
2024-11-21 21:14:53,580 ?[39m[DEBUG]?[0;39m [Test worker] ?[35m[o.s.b.f.s.DefaultListableBeanFactory]?[0;39m: Creating shared instance of singleton bean 'org.springframework.boot.autoconfigure.task.TaskExecutorConfigurations$SimpleAsyncTaskExecutorBuilderConfiguration'
2024-11-21 21:14:53,581 ?[39m[DEBUG]?[0;39m [Test worker] ?[35m[o.s.b.f.s.DefaultListableBeanFactory]?[0;39m: Autowiring by type from bean name 'org.springframework.boot.autoconfigure.task.TaskExecutorConfigurations$SimpleAsyncTaskExecutorBuilderConfiguration' via constructor to bean named 'spring.task.execution-org.springframework.boot.autoconfigure.task.TaskExecutionProperties'
2024-11-21 21:14:53,581 ?[39m[DEBUG]?[0;39m [Test worker] ?[35m[o.s.b.f.s.DefaultListableBeanFactory]?[0;39m: Creating shared instance of singleton bean 'simpleAsyncTaskExecutorBuilder'
2024-11-21 21:14:53,582 ?[39m[DEBUG]?[0;39m [Test worker] ?[35m[o.s.b.f.s.DefaultListableBeanFactory]?[0;39m: Creating shared instance of singleton bean 'org.springframework.boot.autoconfigure.task.TaskExecutorConfigurations$TaskExecutorConfiguration'
2024-11-21 21:14:53,583 ?[39m[DEBUG]?[0;39m [Test worker] ?[35m[o.s.b.f.s.DefaultListableBeanFactory]?[0;39m: Creating shared instance of singleton bean 'org.springframework.boot.autoconfigure.task.TaskExecutionAutoConfiguration'
2024-11-21 21:14:53,583 ?[39m[DEBUG]?[0;39m [Test worker] ?[35m[o.s.b.f.s.DefaultListableBeanFactory]?[0;39m: Creating shared instance of singleton bean 'org.springframework.boot.autoconfigure.web.servlet.error.ErrorMvcAutoConfiguration$WhitelabelErrorViewConfiguration'
2024-11-21 21:14:53,584 ?[39m[DEBUG]?[0;39m [Test worker] ?[35m[o.s.b.f.s.DefaultListableBeanFactory]?[0;39m: Creating shared instance of singleton bean 'error'
2024-11-21 21:14:53,584 ?[39m[DEBUG]?[0;39m [Test worker] ?[35m[o.s.b.f.s.DefaultListableBeanFactory]?[0;39m: Creating shared instance of singleton bean 'beanNameViewResolver'
2024-11-21 21:14:53,586 ?[39m[DEBUG]?[0;39m [Test worker] ?[35m[o.s.b.f.s.DefaultListableBeanFactory]?[0;39m: Creating shared instance of singleton bean 'org.springframework.boot.autoconfigure.web.servlet.error.ErrorMvcAutoConfiguration$DefaultErrorViewResolverConfiguration'
2024-11-21 21:14:53,587 ?[39m[DEBUG]?[0;39m [Test worker] ?[35m[o.s.b.f.s.DefaultListableBeanFactory]?[0;39m: Creating shared instance of singleton bean 'spring.web-org.springframework.boot.autoconfigure.web.WebProperties'
2024-11-21 21:14:53,589 ?[39m[DEBUG]?[0;39m [Test worker] ?[35m[o.s.b.f.s.DefaultListableBeanFactory]?[0;39m: Autowiring by type from bean name 'org.springframework.boot.autoconfigure.web.servlet.error.ErrorMvcAutoConfiguration$DefaultErrorViewResolverConfiguration' via constructor to bean named 'org.springframework.web.context.support.GenericWebApplicationContext@4c59e45e'
2024-11-21 21:14:53,589 ?[39m[DEBUG]?[0;39m [Test worker] ?[35m[o.s.b.f.s.DefaultListableBeanFactory]?[0;39m: Autowiring by type from bean name 'org.springframework.boot.autoconfigure.web.servlet.error.ErrorMvcAutoConfiguration$DefaultErrorViewResolverConfiguration' via constructor to bean named 'spring.web-org.springframework.boot.autoconfigure.web.WebProperties'
2024-11-21 21:14:53,590 ?[39m[DEBUG]?[0;39m [Test worker] ?[35m[o.s.b.f.s.DefaultListableBeanFactory]?[0;39m: Creating shared instance of singleton bean 'conventionErrorViewResolver'
2024-11-21 21:14:53,591 ?[39m[DEBUG]?[0;39m [Test worker] ?[35m[o.s.b.f.s.DefaultListableBeanFactory]?[0;39m: Creating shared instance of singleton bean 'errorAttributes'
2024-11-21 21:14:53,593 ?[39m[DEBUG]?[0;39m [Test worker] ?[35m[o.s.b.f.s.DefaultListableBeanFactory]?[0;39m: Creating shared instance of singleton bean 'basicErrorController'
2024-11-21 21:14:53,594 ?[39m[DEBUG]?[0;39m [Test worker] ?[35m[o.s.b.f.s.DefaultListableBeanFactory]?[0;39m: Autowiring by type from bean name 'basicErrorController' via factory method to bean named 'errorAttributes'
2024-11-21 21:14:53,598 ?[39m[DEBUG]?[0;39m [Test worker] ?[35m[o.s.b.f.s.DefaultListableBeanFactory]?[0;39m: Creating shared instance of singleton bean 'org.springframework.boot.autoconfigure.web.servlet.WebMvcAutoConfiguration$EnableWebMvcConfiguration'
2024-11-21 21:14:53,599 ?[39m[DEBUG]?[0;39m [Test worker] ?[35m[o.s.b.f.s.DefaultListableBeanFactory]?[0;39m: Autowiring by type from bean name 'org.springframework.boot.autoconfigure.web.servlet.WebMvcAutoConfiguration$EnableWebMvcConfiguration' via constructor to bean named 'spring.mvc-org.springframework.boot.autoconfigure.web.servlet.WebMvcProperties'
2024-11-21 21:14:53,599 ?[39m[DEBUG]?[0;39m [Test worker] ?[35m[o.s.b.f.s.DefaultListableBeanFactory]?[0;39m: Autowiring by type from bean name 'org.springframework.boot.autoconfigure.web.servlet.WebMvcAutoConfiguration$EnableWebMvcConfiguration' via constructor to bean named 'spring.web-org.springframework.boot.autoconfigure.web.WebProperties'
2024-11-21 21:14:53,599 ?[39m[DEBUG]?[0;39m [Test worker] ?[35m[o.s.b.f.s.DefaultListableBeanFactory]?[0;39m: Autowiring by type from bean name 'org.springframework.boot.autoconfigure.web.servlet.WebMvcAutoConfiguration$EnableWebMvcConfiguration' via constructor to bean named 'org.springframework.beans.factory.support.DefaultListableBeanFactory@140d1230'
2024-11-21 21:14:53,602 ?[39m[DEBUG]?[0;39m [Test worker] ?[35m[o.s.b.f.s.DefaultListableBeanFactory]?[0;39m: Creating shared instance of singleton bean 'org.springframework.boot.autoconfigure.web.servlet.WebMvcAutoConfiguration$WebMvcAutoConfigurationAdapter'
2024-11-21 21:14:53,603 ?[39m[DEBUG]?[0;39m [Test worker] ?[35m[o.s.b.f.s.DefaultListableBeanFactory]?[0;39m: Autowiring by type from bean name 'org.springframework.boot.autoconfigure.web.servlet.WebMvcAutoConfiguration$WebMvcAutoConfigurationAdapter' via constructor to bean named 'spring.web-org.springframework.boot.autoconfigure.web.WebProperties'
2024-11-21 21:14:53,603 ?[39m[DEBUG]?[0;39m [Test worker] ?[35m[o.s.b.f.s.DefaultListableBeanFactory]?[0;39m: Autowiring by type from bean name 'org.springframework.boot.autoconfigure.web.servlet.WebMvcAutoConfiguration$WebMvcAutoConfigurationAdapter' via constructor to bean named 'spring.mvc-org.springframework.boot.autoconfigure.web.servlet.WebMvcProperties'
2024-11-21 21:14:53,603 ?[39m[DEBUG]?[0;39m [Test worker] ?[35m[o.s.b.f.s.DefaultListableBeanFactory]?[0;39m: Autowiring by type from bean name 'org.springframework.boot.autoconfigure.web.servlet.WebMvcAutoConfiguration$WebMvcAutoConfigurationAdapter' via constructor to bean named 'org.springframework.beans.factory.support.DefaultListableBeanFactory@140d1230'
2024-11-21 21:14:53,607 ?[39m[DEBUG]?[0;39m [Test worker] ?[35m[o.s.b.f.s.DefaultListableBeanFactory]?[0;39m: Creating shared instance of singleton bean 'welcomePageHandlerMapping'
2024-11-21 21:14:53,608 ?[39m[DEBUG]?[0;39m [Test worker] ?[35m[o.s.b.f.s.DefaultListableBeanFactory]?[0;39m: Creating shared instance of singleton bean 'mvcConversionService'
2024-11-21 21:14:53,612 ?[39m[DEBUG]?[0;39m [Test worker] ?[35m[o.s.b.f.s.DefaultListableBeanFactory]?[0;39m: Creating shared instance of singleton bean 'mvcResourceUrlProvider'
2024-11-21 21:14:53,613 ?[39m[DEBUG]?[0;39m [Test worker] ?[35m[o.s.b.f.s.DefaultListableBeanFactory]?[0;39m: Autowiring by type from bean name 'welcomePageHandlerMapping' via factory method to bean named 'org.springframework.web.context.support.GenericWebApplicationContext@4c59e45e'
2024-11-21 21:14:53,613 ?[39m[DEBUG]?[0;39m [Test worker] ?[35m[o.s.b.f.s.DefaultListableBeanFactory]?[0;39m: Autowiring by type from bean name 'welcomePageHandlerMapping' via factory method to bean named 'mvcConversionService'
2024-11-21 21:14:53,614 ?[39m[DEBUG]?[0;39m [Test worker] ?[35m[o.s.b.f.s.DefaultListableBeanFactory]?[0;39m: Autowiring by type from bean name 'welcomePageHandlerMapping' via factory method to bean named 'mvcResourceUrlProvider'
2024-11-21 21:14:53,627 ?[39m[DEBUG]?[0;39m [Test worker] ?[35m[o.s.b.f.s.DefaultListableBeanFactory]?[0;39m: Creating shared instance of singleton bean 'welcomePageNotAcceptableHandlerMapping'
2024-11-21 21:14:53,627 ?[39m[DEBUG]?[0;39m [Test worker] ?[35m[o.s.b.f.s.DefaultListableBeanFactory]?[0;39m: Autowiring by type from bean name 'welcomePageNotAcceptableHandlerMapping' via factory method to bean named 'org.springframework.web.context.support.GenericWebApplicationContext@4c59e45e'
2024-11-21 21:14:53,627 ?[39m[DEBUG]?[0;39m [Test worker] ?[35m[o.s.b.f.s.DefaultListableBeanFactory]?[0;39m: Autowiring by type from bean name 'welcomePageNotAcceptableHandlerMapping' via factory method to bean named 'mvcConversionService'
2024-11-21 21:14:53,627 ?[39m[DEBUG]?[0;39m [Test worker] ?[35m[o.s.b.f.s.DefaultListableBeanFactory]?[0;39m: Autowiring by type from bean name 'welcomePageNotAcceptableHandlerMapping' via factory method to bean named 'mvcResourceUrlProvider'
2024-11-21 21:14:53,631 ?[39m[DEBUG]?[0;39m [Test worker] ?[35m[o.s.b.f.s.DefaultListableBeanFactory]?[0;39m: Creating shared instance of singleton bean 'localeResolver'
2024-11-21 21:14:53,633 ?[39m[DEBUG]?[0;39m [Test worker] ?[35m[o.s.b.f.s.DefaultListableBeanFactory]?[0;39m: Creating shared instance of singleton bean 'themeResolver'
2024-11-21 21:14:53,634 ?[39m[DEBUG]?[0;39m [Test worker] ?[35m[o.s.b.f.s.DefaultListableBeanFactory]?[0;39m: Creating shared instance of singleton bean 'flashMapManager'
2024-11-21 21:14:53,635 ?[39m[DEBUG]?[0;39m [Test worker] ?[35m[o.s.b.f.s.DefaultListableBeanFactory]?[0;39m: Creating shared instance of singleton bean 'mvcValidator'
2024-11-21 21:14:53,637 ?[39m[DEBUG]?[0;39m [Test worker] ?[35m[o.s.b.f.s.DefaultListableBeanFactory]?[0;39m: Creating shared instance of singleton bean 'mvcContentNegotiationManager'
2024-11-21 21:14:53,640 ?[39m[DEBUG]?[0;39m [Test worker] ?[35m[o.s.b.f.s.DefaultListableBeanFactory]?[0;39m: Creating shared instance of singleton bean 'requestMappingHandlerMapping'
2024-11-21 21:14:53,641 ?[39m[DEBUG]?[0;39m [Test worker] ?[35m[o.s.b.f.s.DefaultListableBeanFactory]?[0;39m: Autowiring by type from bean name 'requestMappingHandlerMapping' via factory method to bean named 'mvcContentNegotiationManager'
2024-11-21 21:14:53,641 ?[39m[DEBUG]?[0;39m [Test worker] ?[35m[o.s.b.f.s.DefaultListableBeanFactory]?[0;39m: Autowiring by type from bean name 'requestMappingHandlerMapping' via factory method to bean named 'mvcConversionService'
2024-11-21 21:14:53,641 ?[39m[DEBUG]?[0;39m [Test worker] ?[35m[o.s.b.f.s.DefaultListableBeanFactory]?[0;39m: Autowiring by type from bean name 'requestMappingHandlerMapping' via factory method to bean named 'mvcResourceUrlProvider'
2024-11-21 21:14:53,664 ?[39m[DEBUG]?[0;39m [Test worker] ?[35m[_.s.w.s.HandlerMapping.Mappings]?[0;39m: 
	c.p.d.t.c.TopicRestController:
	{GET [/api/topics/{topicId}]}: getTopic(String)
2024-11-21 21:14:53,668 ?[39m[DEBUG]?[0;39m [Test worker] ?[35m[_.s.w.s.HandlerMapping.Mappings]?[0;39m: 
	o.s.b.a.w.s.e.BasicErrorController:
	{ [/error]}: error(HttpServletRequest)
	{ [/error], produces [text/html]}: errorHtml(HttpServletRequest,HttpServletResponse)
2024-11-21 21:14:53,671 ?[39m[DEBUG]?[0;39m [Test worker] ?[35m[o.s.w.s.m.m.a.RequestMappingHandlerMapping]?[0;39m: 3 mappings in 'requestMappingHandlerMapping'
2024-11-21 21:14:53,673 ?[39m[DEBUG]?[0;39m [Test worker] ?[35m[o.s.b.f.s.DefaultListableBeanFactory]?[0;39m: Creating shared instance of singleton bean 'mvcPatternParser'
2024-11-21 21:14:53,674 ?[39m[DEBUG]?[0;39m [Test worker] ?[35m[o.s.b.f.s.DefaultListableBeanFactory]?[0;39m: Creating shared instance of singleton bean 'mvcUrlPathHelper'
2024-11-21 21:14:53,675 ?[39m[DEBUG]?[0;39m [Test worker] ?[35m[o.s.b.f.s.DefaultListableBeanFactory]?[0;39m: Creating shared instance of singleton bean 'mvcPathMatcher'
2024-11-21 21:14:53,675 ?[39m[DEBUG]?[0;39m [Test worker] ?[35m[o.s.b.f.s.DefaultListableBeanFactory]?[0;39m: Creating shared instance of singleton bean 'viewControllerHandlerMapping'
2024-11-21 21:14:53,676 ?[39m[DEBUG]?[0;39m [Test worker] ?[35m[o.s.b.f.s.DefaultListableBeanFactory]?[0;39m: Autowiring by type from bean name 'viewControllerHandlerMapping' via factory method to bean named 'mvcConversionService'
2024-11-21 21:14:53,676 ?[39m[DEBUG]?[0;39m [Test worker] ?[35m[o.s.b.f.s.DefaultListableBeanFactory]?[0;39m: Autowiring by type from bean name 'viewControllerHandlerMapping' via factory method to bean named 'mvcResourceUrlProvider'
2024-11-21 21:14:53,676 ?[39m[DEBUG]?[0;39m [Test worker] ?[35m[o.s.b.f.s.DefaultListableBeanFactory]?[0;39m: Creating shared instance of singleton bean 'beanNameHandlerMapping'
2024-11-21 21:14:53,677 ?[39m[DEBUG]?[0;39m [Test worker] ?[35m[o.s.b.f.s.DefaultListableBeanFactory]?[0;39m: Autowiring by type from bean name 'beanNameHandlerMapping' via factory method to bean named 'mvcConversionService'
2024-11-21 21:14:53,677 ?[39m[DEBUG]?[0;39m [Test worker] ?[35m[o.s.b.f.s.DefaultListableBeanFactory]?[0;39m: Autowiring by type from bean name 'beanNameHandlerMapping' via factory method to bean named 'mvcResourceUrlProvider'
2024-11-21 21:14:53,679 ?[39m[DEBUG]?[0;39m [Test worker] ?[35m[_.s.w.s.HandlerMapping.Mappings]?[0;39m: 'beanNameHandlerMapping' {}
2024-11-21 21:14:53,680 ?[39m[DEBUG]?[0;39m [Test worker] ?[35m[o.s.b.f.s.DefaultListableBeanFactory]?[0;39m: Creating shared instance of singleton bean 'routerFunctionMapping'
2024-11-21 21:14:53,680 ?[39m[DEBUG]?[0;39m [Test worker] ?[35m[o.s.b.f.s.DefaultListableBeanFactory]?[0;39m: Autowiring by type from bean name 'routerFunctionMapping' via factory method to bean named 'mvcConversionService'
2024-11-21 21:14:53,680 ?[39m[DEBUG]?[0;39m [Test worker] ?[35m[o.s.b.f.s.DefaultListableBeanFactory]?[0;39m: Autowiring by type from bean name 'routerFunctionMapping' via factory method to bean named 'mvcResourceUrlProvider'
2024-11-21 21:14:53,681 ?[39m[DEBUG]?[0;39m [Test worker] ?[35m[o.s.b.f.s.DefaultListableBeanFactory]?[0;39m: Creating shared instance of singleton bean 'messageConverters'
2024-11-21 21:14:53,681 ?[39m[DEBUG]?[0;39m [Test worker] ?[35m[o.s.b.f.s.DefaultListableBeanFactory]?[0;39m: Creating shared instance of singleton bean 'org.springframework.boot.autoconfigure.http.HttpMessageConvertersAutoConfiguration'
2024-11-21 21:14:53,684 ?[39m[DEBUG]?[0;39m [Test worker] ?[35m[o.s.b.f.s.DefaultListableBeanFactory]?[0;39m: Creating shared instance of singleton bean 'stringHttpMessageConverter'
2024-11-21 21:14:53,684 ?[39m[DEBUG]?[0;39m [Test worker] ?[35m[o.s.b.f.s.DefaultListableBeanFactory]?[0;39m: Creating shared instance of singleton bean 'org.springframework.boot.autoconfigure.http.HttpMessageConvertersAutoConfiguration$StringHttpMessageConverterConfiguration'
2024-11-21 21:14:53,685 ?[39m[DEBUG]?[0;39m [Test worker] ?[35m[o.s.b.f.s.DefaultListableBeanFactory]?[0;39m: Autowiring by type from bean name 'stringHttpMessageConverter' via factory method to bean named 'environment'
2024-11-21 21:14:53,688 ?[39m[DEBUG]?[0;39m [Test worker] ?[35m[o.s.b.f.s.DefaultListableBeanFactory]?[0;39m: Creating shared instance of singleton bean 'mappingJackson2HttpMessageConverter'
2024-11-21 21:14:53,688 ?[39m[DEBUG]?[0;39m [Test worker] ?[35m[o.s.b.f.s.DefaultListableBeanFactory]?[0;39m: Creating shared instance of singleton bean 'org.springframework.boot.autoconfigure.http.JacksonHttpMessageConvertersConfiguration$MappingJackson2HttpMessageConverterConfiguration'
2024-11-21 21:14:53,688 ?[39m[DEBUG]?[0;39m [Test worker] ?[35m[o.s.b.f.s.DefaultListableBeanFactory]?[0;39m: Creating shared instance of singleton bean 'jacksonObjectMapper'
2024-11-21 21:14:53,689 ?[39m[DEBUG]?[0;39m [Test worker] ?[35m[o.s.b.f.s.DefaultListableBeanFactory]?[0;39m: Creating shared instance of singleton bean 'org.springframework.boot.autoconfigure.jackson.JacksonAutoConfiguration$JacksonObjectMapperConfiguration'
2024-11-21 21:14:53,689 ?[39m[DEBUG]?[0;39m [Test worker] ?[35m[o.s.b.f.s.DefaultListableBeanFactory]?[0;39m: Creating shared instance of singleton bean 'org.springframework.boot.autoconfigure.jackson.JacksonAutoConfiguration$JacksonObjectMapperBuilderConfiguration'
2024-11-21 21:14:53,690 ?[39m[DEBUG]?[0;39m [Test worker] ?[35m[o.s.b.f.s.DefaultListableBeanFactory]?[0;39m: Creating shared instance of singleton bean 'standardJacksonObjectMapperBuilderCustomizer'
2024-11-21 21:14:53,690 ?[39m[DEBUG]?[0;39m [Test worker] ?[35m[o.s.b.f.s.DefaultListableBeanFactory]?[0;39m: Creating shared instance of singleton bean 'org.springframework.boot.autoconfigure.jackson.JacksonAutoConfiguration$Jackson2ObjectMapperBuilderCustomizerConfiguration'
2024-11-21 21:14:53,691 ?[39m[DEBUG]?[0;39m [Test worker] ?[35m[o.s.b.f.s.DefaultListableBeanFactory]?[0;39m: Creating shared instance of singleton bean 'spring.jackson-org.springframework.boot.autoconfigure.jackson.JacksonProperties'
2024-11-21 21:14:53,693 ?[39m[DEBUG]?[0;39m [Test worker] ?[35m[o.s.b.f.s.DefaultListableBeanFactory]?[0;39m: Autowiring by type from bean name 'standardJacksonObjectMapperBuilderCustomizer' via factory method to bean named 'spring.jackson-org.springframework.boot.autoconfigure.jackson.JacksonProperties'
2024-11-21 21:14:53,694 ?[39m[DEBUG]?[0;39m [Test worker] ?[35m[o.s.b.f.s.DefaultListableBeanFactory]?[0;39m: Creating shared instance of singleton bean 'parameterNamesModule'
2024-11-21 21:14:53,694 ?[39m[DEBUG]?[0;39m [Test worker] ?[35m[o.s.b.f.s.DefaultListableBeanFactory]?[0;39m: Creating shared instance of singleton bean 'org.springframework.boot.autoconfigure.jackson.JacksonAutoConfiguration$ParameterNamesModuleConfiguration'
2024-11-21 21:14:53,697 ?[39m[DEBUG]?[0;39m [Test worker] ?[35m[o.s.b.f.s.DefaultListableBeanFactory]?[0;39m: Creating shared instance of singleton bean 'jsonMixinModule'
2024-11-21 21:14:53,697 ?[39m[DEBUG]?[0;39m [Test worker] ?[35m[o.s.b.f.s.DefaultListableBeanFactory]?[0;39m: Creating shared instance of singleton bean 'org.springframework.boot.autoconfigure.jackson.JacksonAutoConfiguration$JacksonMixinConfiguration'
2024-11-21 21:14:53,697 ?[39m[DEBUG]?[0;39m [Test worker] ?[35m[o.s.b.f.s.DefaultListableBeanFactory]?[0;39m: Creating shared instance of singleton bean 'jsonMixinModuleEntries'
2024-11-21 21:14:53,698 ?[39m[DEBUG]?[0;39m [Test worker] ?[35m[o.s.b.f.s.DefaultListableBeanFactory]?[0;39m: Autowiring by type from bean name 'jsonMixinModuleEntries' via factory method to bean named 'org.springframework.web.context.support.GenericWebApplicationContext@4c59e45e'
2024-11-21 21:14:53,704 ?[39m[DEBUG]?[0;39m [Test worker] ?[35m[o.s.b.f.s.DefaultListableBeanFactory]?[0;39m: Autowiring by type from bean name 'jsonMixinModule' via factory method to bean named 'org.springframework.web.context.support.GenericWebApplicationContext@4c59e45e'
2024-11-21 21:14:53,704 ?[39m[DEBUG]?[0;39m [Test worker] ?[35m[o.s.b.f.s.DefaultListableBeanFactory]?[0;39m: Autowiring by type from bean name 'jsonMixinModule' via factory method to bean named 'jsonMixinModuleEntries'
2024-11-21 21:14:53,705 ?[39m[DEBUG]?[0;39m [Test worker] ?[35m[o.s.b.f.s.DefaultListableBeanFactory]?[0;39m: Creating shared instance of singleton bean 'jsonComponentModule'
2024-11-21 21:14:53,705 ?[39m[DEBUG]?[0;39m [Test worker] ?[35m[o.s.b.f.s.DefaultListableBeanFactory]?[0;39m: Creating shared instance of singleton bean 'org.springframework.boot.autoconfigure.jackson.JacksonAutoConfiguration'
2024-11-21 21:14:53,708 ?[39m[DEBUG]?[0;39m [Test worker] ?[35m[o.s.b.f.s.DefaultListableBeanFactory]?[0;39m: Autowiring by type from bean name 'jacksonObjectMapperBuilder' via factory method to bean named 'org.springframework.web.context.support.GenericWebApplicationContext@4c59e45e'
2024-11-21 21:14:53,708 ?[39m[DEBUG]?[0;39m [Test worker] ?[35m[o.s.b.f.s.DefaultListableBeanFactory]?[0;39m: Autowiring by type from bean name 'jacksonObjectMapperBuilder' via factory method to bean named 'standardJacksonObjectMapperBuilderCustomizer'
2024-11-21 21:14:53,711 ?[39m[DEBUG]?[0;39m [Test worker] ?[35m[o.s.b.f.s.DefaultListableBeanFactory]?[0;39m: Autowiring by type from bean name 'jacksonObjectMapper' via factory method to bean named 'jacksonObjectMapperBuilder'
2024-11-21 21:14:53,723 ?[39m[DEBUG]?[0;39m [Test worker] ?[35m[o.s.b.f.s.DefaultListableBeanFactory]?[0;39m: Autowiring by type from bean name 'mappingJackson2HttpMessageConverter' via factory method to bean named 'jacksonObjectMapper'
2024-11-21 21:14:53,730 ?[39m[DEBUG]?[0;39m [Test worker] ?[35m[o.s.b.f.s.DefaultListableBeanFactory]?[0;39m: Creating shared instance of singleton bean 'resourceHandlerMapping'
2024-11-21 21:14:53,731 ?[39m[DEBUG]?[0;39m [Test worker] ?[35m[o.s.b.f.s.DefaultListableBeanFactory]?[0;39m: Autowiring by type from bean name 'resourceHandlerMapping' via factory method to bean named 'mvcContentNegotiationManager'
2024-11-21 21:14:53,731 ?[39m[DEBUG]?[0;39m [Test worker] ?[35m[o.s.b.f.s.DefaultListableBeanFactory]?[0;39m: Autowiring by type from bean name 'resourceHandlerMapping' via factory method to bean named 'mvcConversionService'
2024-11-21 21:14:53,731 ?[39m[DEBUG]?[0;39m [Test worker] ?[35m[o.s.b.f.s.DefaultListableBeanFactory]?[0;39m: Autowiring by type from bean name 'resourceHandlerMapping' via factory method to bean named 'mvcResourceUrlProvider'
2024-11-21 21:14:53,738 ?[39m[DEBUG]?[0;39m [Test worker] ?[35m[_.s.w.s.HandlerMapping.Mappings]?[0;39m: 'resourceHandlerMapping' {/webjars/**=ResourceHttpRequestHandler [classpath [META-INF/resources/webjars/]], /**=ResourceHttpRequestHandler [classpath [META-INF/resources/], classpath [resources/], classpath [static/], classpath [public/], ServletContext [/]]}
2024-11-21 21:14:53,739 ?[39m[DEBUG]?[0;39m [Test worker] ?[35m[o.s.b.f.s.DefaultListableBeanFactory]?[0;39m: Creating shared instance of singleton bean 'defaultServletHandlerMapping'
2024-11-21 21:14:53,740 ?[39m[DEBUG]?[0;39m [Test worker] ?[35m[o.s.b.f.s.DefaultListableBeanFactory]?[0;39m: Creating shared instance of singleton bean 'requestMappingHandlerAdapter'
2024-11-21 21:14:53,740 ?[39m[DEBUG]?[0;39m [Test worker] ?[35m[o.s.b.f.s.DefaultListableBeanFactory]?[0;39m: Autowiring by type from bean name 'requestMappingHandlerAdapter' via factory method to bean named 'mvcContentNegotiationManager'
2024-11-21 21:14:53,741 ?[39m[DEBUG]?[0;39m [Test worker] ?[35m[o.s.b.f.s.DefaultListableBeanFactory]?[0;39m: Autowiring by type from bean name 'requestMappingHandlerAdapter' via factory method to bean named 'mvcConversionService'
2024-11-21 21:14:53,741 ?[39m[DEBUG]?[0;39m [Test worker] ?[35m[o.s.b.f.s.DefaultListableBeanFactory]?[0;39m: Autowiring by type from bean name 'requestMappingHandlerAdapter' via factory method to bean named 'mvcValidator'
2024-11-21 21:14:53,748 ?[39m[DEBUG]?[0;39m [Test worker] ?[35m[o.s.b.f.s.DefaultListableBeanFactory]?[0;39m: Creating shared instance of singleton bean 'applicationTaskExecutor'
2024-11-21 21:14:53,748 ?[39m[DEBUG]?[0;39m [Test worker] ?[35m[o.s.b.f.s.DefaultListableBeanFactory]?[0;39m: Autowiring by type from bean name 'applicationTaskExecutor' via factory method to bean named 'taskExecutorBuilder'
2024-11-21 21:14:53,753 ?[39m[DEBUG]?[0;39m [Test worker] ?[35m[o.s.s.c.ThreadPoolTaskExecutor]?[0;39m: Initializing ExecutorService 'applicationTaskExecutor'
2024-11-21 21:14:53,764 ?[39m[DEBUG]?[0;39m [Test worker] ?[35m[o.s.w.s.m.m.a.RequestMappingHandlerAdapter]?[0;39m: ControllerAdvice beans: 0 @ModelAttribute, 0 @InitBinder, 1 RequestBodyAdvice, 1 ResponseBodyAdvice
2024-11-21 21:14:53,785 ?[39m[DEBUG]?[0;39m [Test worker] ?[35m[o.s.b.f.s.DefaultListableBeanFactory]?[0;39m: Creating shared instance of singleton bean 'handlerFunctionAdapter'
2024-11-21 21:14:53,786 ?[39m[DEBUG]?[0;39m [Test worker] ?[35m[o.s.b.f.s.DefaultListableBeanFactory]?[0;39m: Creating shared instance of singleton bean 'mvcUriComponentsContributor'
2024-11-21 21:14:53,787 ?[39m[DEBUG]?[0;39m [Test worker] ?[35m[o.s.b.f.s.DefaultListableBeanFactory]?[0;39m: Autowiring by type from bean name 'mvcUriComponentsContributor' via factory method to bean named 'mvcConversionService'
2024-11-21 21:14:53,787 ?[39m[DEBUG]?[0;39m [Test worker] ?[35m[o.s.b.f.s.DefaultListableBeanFactory]?[0;39m: Autowiring by type from bean name 'mvcUriComponentsContributor' via factory method to bean named 'requestMappingHandlerAdapter'
2024-11-21 21:14:53,788 ?[39m[DEBUG]?[0;39m [Test worker] ?[35m[o.s.b.f.s.DefaultListableBeanFactory]?[0;39m: Creating shared instance of singleton bean 'httpRequestHandlerAdapter'
2024-11-21 21:14:53,789 ?[39m[DEBUG]?[0;39m [Test worker] ?[35m[o.s.b.f.s.DefaultListableBeanFactory]?[0;39m: Creating shared instance of singleton bean 'simpleControllerHandlerAdapter'
2024-11-21 21:14:53,789 ?[39m[DEBUG]?[0;39m [Test worker] ?[35m[o.s.b.f.s.DefaultListableBeanFactory]?[0;39m: Creating shared instance of singleton bean 'handlerExceptionResolver'
2024-11-21 21:14:53,789 ?[39m[DEBUG]?[0;39m [Test worker] ?[35m[o.s.b.f.s.DefaultListableBeanFactory]?[0;39m: Autowiring by type from bean name 'handlerExceptionResolver' via factory method to bean named 'mvcContentNegotiationManager'
2024-11-21 21:14:53,791 ?[39m[DEBUG]?[0;39m [Test worker] ?[35m[o.s.w.s.m.m.a.ExceptionHandlerExceptionResolver]?[0;39m: ControllerAdvice beans: 0 @ExceptionHandler, 1 ResponseBodyAdvice
2024-11-21 21:14:53,793 ?[39m[DEBUG]?[0;39m [Test worker] ?[35m[o.s.b.f.s.DefaultListableBeanFactory]?[0;39m: Creating shared instance of singleton bean 'mvcViewResolver'
2024-11-21 21:14:53,793 ?[39m[DEBUG]?[0;39m [Test worker] ?[35m[o.s.b.f.s.DefaultListableBeanFactory]?[0;39m: Autowiring by type from bean name 'mvcViewResolver' via factory method to bean named 'mvcContentNegotiationManager'
2024-11-21 21:14:53,796 ?[39m[DEBUG]?[0;39m [Test worker] ?[35m[o.s.b.f.s.DefaultListableBeanFactory]?[0;39m: Creating shared instance of singleton bean 'viewNameTranslator'
2024-11-21 21:14:53,796 ?[39m[DEBUG]?[0;39m [Test worker] ?[35m[o.s.b.f.s.DefaultListableBeanFactory]?[0;39m: Creating shared instance of singleton bean 'defaultViewResolver'
2024-11-21 21:14:53,801 ?[39m[DEBUG]?[0;39m [Test worker] ?[35m[o.s.b.f.s.DefaultListableBeanFactory]?[0;39m: Creating shared instance of singleton bean 'viewResolver'
2024-11-21 21:14:53,801 ?[39m[DEBUG]?[0;39m [Test worker] ?[35m[o.s.b.f.s.DefaultListableBeanFactory]?[0;39m: Autowiring by type from bean name 'viewResolver' via factory method to bean named 'org.springframework.beans.factory.support.DefaultListableBeanFactory@140d1230'
2024-11-21 21:14:53,802 ?[39m[DEBUG]?[0;39m [Test worker] ?[35m[o.s.b.f.s.DefaultListableBeanFactory]?[0;39m: Creating shared instance of singleton bean 'viewResolver'
2024-11-21 21:14:53,803 ?[39m[DEBUG]?[0;39m [Test worker] ?[35m[o.s.b.f.s.DefaultListableBeanFactory]?[0;39m: Creating shared instance of singleton bean 'requestContextFilter'
2024-11-21 21:14:53,805 ?[39m[DEBUG]?[0;39m [Test worker] ?[35m[o.s.b.f.s.DefaultListableBeanFactory]?[0;39m: Creating shared instance of singleton bean 'org.springframework.boot.autoconfigure.web.servlet.WebMvcAutoConfiguration'
2024-11-21 21:14:53,805 ?[39m[DEBUG]?[0;39m [Test worker] ?[35m[o.s.b.f.s.DefaultListableBeanFactory]?[0;39m: Creating shared instance of singleton bean 'formContentFilter'
2024-11-21 21:14:53,807 ?[39m[DEBUG]?[0;39m [Test worker] ?[35m[o.s.b.f.s.DefaultListableBeanFactory]?[0;39m: Creating shared instance of singleton bean 'configPropsSingleton'
2024-11-21 21:14:53,807 ?[39m[DEBUG]?[0;39m [Test worker] ?[35m[o.s.b.f.s.DefaultListableBeanFactory]?[0;39m: Autowiring by type from bean name 'configPropsSingleton' via factory method to bean named 'envCopy'
2024-11-21 21:14:53,808 ?[39m[DEBUG]?[0;39m [Test worker] ?[35m[o.s.b.f.s.DefaultListableBeanFactory]?[0;39m: Creating shared instance of singleton bean 'com.ulisesbocchio.jasyptspringboot.configuration.CachingConfiguration'
2024-11-21 21:14:53,808 ?[39m[DEBUG]?[0;39m [Test worker] ?[35m[o.s.b.f.s.DefaultListableBeanFactory]?[0;39m: Creating shared instance of singleton bean 'refreshScopeRefreshedEventListener'
2024-11-21 21:14:53,809 ?[39m[DEBUG]?[0;39m [Test worker] ?[35m[o.s.b.f.s.DefaultListableBeanFactory]?[0;39m: Autowiring by type from bean name 'refreshScopeRefreshedEventListener' via factory method to bean named 'environment'
2024-11-21 21:14:53,809 ?[39m[DEBUG]?[0;39m [Test worker] ?[35m[o.s.b.f.s.DefaultListableBeanFactory]?[0;39m: Autowiring by type from bean name 'refreshScopeRefreshedEventListener' via factory method to bean named 'encryptablePropertySourceConverter'
2024-11-21 21:14:53,809 ?[39m[DEBUG]?[0;39m [Test worker] ?[35m[o.s.b.f.s.DefaultListableBeanFactory]?[0;39m: Autowiring by type from bean name 'refreshScopeRefreshedEventListener' via factory method to bean named 'configPropsSingleton'
2024-11-21 21:14:53,814 ?[39m[DEBUG]?[0;39m [Test worker] ?[35m[o.s.b.f.s.DefaultListableBeanFactory]?[0;39m: Creating shared instance of singleton bean 'com.ulisesbocchio.jasyptspringboot.configuration.EnableEncryptablePropertiesConfiguration'
2024-11-21 21:14:53,814 ?[39m[DEBUG]?[0;39m [Test worker] ?[35m[o.s.b.f.s.DefaultListableBeanFactory]?[0;39m: Creating shared instance of singleton bean 'com.ulisesbocchio.jasyptspringbootstarter.JasyptSpringBootAutoConfiguration'
2024-11-21 21:14:53,814 ?[39m[DEBUG]?[0;39m [Test worker] ?[35m[o.s.b.f.s.DefaultListableBeanFactory]?[0;39m: Creating shared instance of singleton bean 'org.mybatis.spring.boot.autoconfigure.MybatisLanguageDriverAutoConfiguration'
2024-11-21 21:14:53,814 ?[39m[DEBUG]?[0;39m [Test worker] ?[35m[o.s.b.f.s.DefaultListableBeanFactory]?[0;39m: Creating shared instance of singleton bean 'org.springframework.boot.autoconfigure.jdbc.metadata.DataSourcePoolMetadataProvidersConfiguration$HikariPoolDataSourceMetadataProviderConfiguration'
2024-11-21 21:14:53,815 ?[39m[DEBUG]?[0;39m [Test worker] ?[35m[o.s.b.f.s.DefaultListableBeanFactory]?[0;39m: Creating shared instance of singleton bean 'hikariPoolDataSourceMetadataProvider'
2024-11-21 21:14:53,815 ?[39m[DEBUG]?[0;39m [Test worker] ?[35m[o.s.b.f.s.DefaultListableBeanFactory]?[0;39m: Creating shared instance of singleton bean 'org.springframework.boot.autoconfigure.jdbc.metadata.DataSourcePoolMetadataProvidersConfiguration'
2024-11-21 21:14:53,815 ?[39m[DEBUG]?[0;39m [Test worker] ?[35m[o.s.b.f.s.DefaultListableBeanFactory]?[0;39m: Creating shared instance of singleton bean 'org.springframework.boot.autoconfigure.jdbc.DataSourceAutoConfiguration'
2024-11-21 21:14:53,816 ?[39m[DEBUG]?[0;39m [Test worker] ?[35m[o.s.b.f.s.DefaultListableBeanFactory]?[0;39m: Creating shared instance of singleton bean 'spring.datasource-org.springframework.boot.autoconfigure.jdbc.DataSourceProperties'
2024-11-21 21:14:53,820 ?[39m[DEBUG]?[0;39m [Test worker] ?[35m[o.s.b.f.s.DefaultListableBeanFactory]?[0;39m: Creating shared instance of singleton bean 'org.mybatis.spring.boot.autoconfigure.MybatisAutoConfiguration$MapperScannerRegistrarNotFoundConfiguration'
2024-11-21 21:14:53,821 ?[39m[DEBUG]?[0;39m [Test worker] ?[35m[o.m.s.b.a.MybatisAutoConfiguration]?[0;39m: Not found configuration for registering mapper bean using @MapperScan, MapperFactoryBean and MapperScannerConfigurer.
2024-11-21 21:14:53,821 ?[39m[DEBUG]?[0;39m [Test worker] ?[35m[o.s.b.f.s.DefaultListableBeanFactory]?[0;39m: Creating shared instance of singleton bean 'org.mybatis.spring.boot.autoconfigure.MybatisAutoConfiguration'
2024-11-21 21:14:53,822 ?[39m[DEBUG]?[0;39m [Test worker] ?[35m[o.s.b.f.s.DefaultListableBeanFactory]?[0;39m: Creating shared instance of singleton bean 'mybatis-org.mybatis.spring.boot.autoconfigure.MybatisProperties'
2024-11-21 21:14:53,824 ?[39m[DEBUG]?[0;39m [Test worker] ?[35m[o.s.b.f.s.DefaultListableBeanFactory]?[0;39m: Autowiring by type from bean name 'org.mybatis.spring.boot.autoconfigure.MybatisAutoConfiguration' via constructor to bean named 'mybatis-org.mybatis.spring.boot.autoconfigure.MybatisProperties'
2024-11-21 21:14:53,825 ?[39m[DEBUG]?[0;39m [Test worker] ?[35m[o.s.b.f.s.DefaultListableBeanFactory]?[0;39m: Autowiring by type from bean name 'org.mybatis.spring.boot.autoconfigure.MybatisAutoConfiguration' via constructor to bean named 'org.springframework.web.context.support.GenericWebApplicationContext@4c59e45e'
2024-11-21 21:14:53,827 ?[39m[DEBUG]?[0;39m [Test worker] ?[35m[o.s.b.f.s.DefaultListableBeanFactory]?[0;39m: Creating shared instance of singleton bean 'dataSourceScriptDatabaseInitializer'
2024-11-21 21:14:53,828 ?[39m[DEBUG]?[0;39m [Test worker] ?[35m[o.s.b.f.s.DefaultListableBeanFactory]?[0;39m: Creating shared instance of singleton bean 'org.springframework.boot.autoconfigure.sql.init.DataSourceInitializationConfiguration'
2024-11-21 21:14:53,828 ?[39m[DEBUG]?[0;39m [Test worker] ?[35m[o.s.b.f.s.DefaultListableBeanFactory]?[0;39m: Creating shared instance of singleton bean 'spring.sql.init-org.springframework.boot.autoconfigure.sql.init.SqlInitializationProperties'
2024-11-21 21:14:53,830 ?[39m[DEBUG]?[0;39m [Test worker] ?[35m[o.s.b.f.s.DefaultListableBeanFactory]?[0;39m: Autowiring by type from bean name 'dataSourceScriptDatabaseInitializer' via factory method to bean named 'dataSource'
2024-11-21 21:14:53,830 ?[39m[DEBUG]?[0;39m [Test worker] ?[35m[o.s.b.f.s.DefaultListableBeanFactory]?[0;39m: Autowiring by type from bean name 'dataSourceScriptDatabaseInitializer' via factory method to bean named 'spring.sql.init-org.springframework.boot.autoconfigure.sql.init.SqlInitializationProperties'
2024-11-21 21:14:53,833 ?[39m[DEBUG]?[0;39m [Test worker] ?[35m[o.s.b.f.s.DefaultListableBeanFactory]?[0;39m: Creating shared instance of singleton bean 'sqlSessionTemplate'
2024-11-21 21:14:53,834 ?[39m[DEBUG]?[0;39m [Test worker] ?[35m[o.s.b.f.s.DefaultListableBeanFactory]?[0;39m: Autowiring by type from bean name 'sqlSessionTemplate' via factory method to bean named 'sqlSessionFactory'
2024-11-21 21:14:53,834 ?[39m[DEBUG]?[0;39m [Test worker] ?[35m[o.s.b.f.s.DefaultListableBeanFactory]?[0;39m: Creating shared instance of singleton bean 'org.springframework.boot.autoconfigure.aop.AopAutoConfiguration$ClassProxyingConfiguration'
2024-11-21 21:14:53,835 ?[39m[DEBUG]?[0;39m [Test worker] ?[35m[o.s.b.f.s.DefaultListableBeanFactory]?[0;39m: Creating shared instance of singleton bean 'org.springframework.boot.autoconfigure.aop.AopAutoConfiguration'
2024-11-21 21:14:53,835 ?[39m[DEBUG]?[0;39m [Test worker] ?[35m[o.s.b.f.s.DefaultListableBeanFactory]?[0;39m: Creating shared instance of singleton bean 'org.springframework.boot.autoconfigure.availability.ApplicationAvailabilityAutoConfiguration'
2024-11-21 21:14:53,835 ?[39m[DEBUG]?[0;39m [Test worker] ?[35m[o.s.b.f.s.DefaultListableBeanFactory]?[0;39m: Creating shared instance of singleton bean 'applicationAvailability'
2024-11-21 21:14:53,837 ?[39m[DEBUG]?[0;39m [Test worker] ?[35m[o.s.b.f.s.DefaultListableBeanFactory]?[0;39m: Creating shared instance of singleton bean 'org.springframework.boot.autoconfigure.transaction.TransactionManagerCustomizationAutoConfiguration'
2024-11-21 21:14:53,837 ?[39m[DEBUG]?[0;39m [Test worker] ?[35m[o.s.b.f.s.DefaultListableBeanFactory]?[0;39m: Creating shared instance of singleton bean 'platformTransactionManagerCustomizers'
2024-11-21 21:14:53,838 ?[39m[DEBUG]?[0;39m [Test worker] ?[35m[o.s.b.f.s.DefaultListableBeanFactory]?[0;39m: Creating shared instance of singleton bean 'transactionExecutionListeners'
2024-11-21 21:14:53,839 ?[39m[DEBUG]?[0;39m [Test worker] ?[35m[o.s.b.f.s.DefaultListableBeanFactory]?[0;39m: Creating shared instance of singleton bean 'spring.transaction-org.springframework.boot.autoconfigure.transaction.TransactionProperties'
2024-11-21 21:14:53,841 ?[39m[DEBUG]?[0;39m [Test worker] ?[35m[o.s.b.f.s.DefaultListableBeanFactory]?[0;39m: Creating shared instance of singleton bean 'org.springframework.boot.autoconfigure.context.ConfigurationPropertiesAutoConfiguration'
2024-11-21 21:14:53,841 ?[39m[DEBUG]?[0;39m [Test worker] ?[35m[o.s.b.f.s.DefaultListableBeanFactory]?[0;39m: Creating shared instance of singleton bean 'org.springframework.boot.autoconfigure.context.LifecycleAutoConfiguration'
2024-11-21 21:14:53,841 ?[39m[DEBUG]?[0;39m [Test worker] ?[35m[o.s.b.f.s.DefaultListableBeanFactory]?[0;39m: Creating shared instance of singleton bean 'lifecycleProcessor'
2024-11-21 21:14:53,842 ?[39m[DEBUG]?[0;39m [Test worker] ?[35m[o.s.b.f.s.DefaultListableBeanFactory]?[0;39m: Creating shared instance of singleton bean 'spring.lifecycle-org.springframework.boot.autoconfigure.context.LifecycleProperties'
2024-11-21 21:14:53,842 ?[39m[DEBUG]?[0;39m [Test worker] ?[35m[o.s.b.f.s.DefaultListableBeanFactory]?[0;39m: Autowiring by type from bean name 'lifecycleProcessor' via factory method to bean named 'spring.lifecycle-org.springframework.boot.autoconfigure.context.LifecycleProperties'
2024-11-21 21:14:53,844 ?[39m[DEBUG]?[0;39m [Test worker] ?[35m[o.s.b.f.s.DefaultListableBeanFactory]?[0;39m: Creating shared instance of singleton bean 'org.springframework.boot.autoconfigure.dao.PersistenceExceptionTranslationAutoConfiguration'
2024-11-21 21:14:53,844 ?[39m[DEBUG]?[0;39m [Test worker] ?[35m[o.s.b.f.s.DefaultListableBeanFactory]?[0;39m: Creating shared instance of singleton bean 'org.springframework.boot.autoconfigure.http.JacksonHttpMessageConvertersConfiguration'
2024-11-21 21:14:53,844 ?[39m[DEBUG]?[0;39m [Test worker] ?[35m[o.s.b.f.s.DefaultListableBeanFactory]?[0;39m: Creating shared instance of singleton bean 'org.springframework.boot.autoconfigure.info.ProjectInfoAutoConfiguration'
2024-11-21 21:14:53,846 ?[39m[DEBUG]?[0;39m [Test worker] ?[35m[o.s.b.f.s.DefaultListableBeanFactory]?[0;39m: Creating shared instance of singleton bean 'spring.info-org.springframework.boot.autoconfigure.info.ProjectInfoProperties'
2024-11-21 21:14:53,847 ?[39m[DEBUG]?[0;39m [Test worker] ?[35m[o.s.b.f.s.DefaultListableBeanFactory]?[0;39m: Autowiring by type from bean name 'org.springframework.boot.autoconfigure.info.ProjectInfoAutoConfiguration' via constructor to bean named 'spring.info-org.springframework.boot.autoconfigure.info.ProjectInfoProperties'
2024-11-21 21:14:53,847 ?[39m[DEBUG]?[0;39m [Test worker] ?[35m[o.s.b.f.s.DefaultListableBeanFactory]?[0;39m: Creating shared instance of singleton bean 'org.springframework.boot.autoconfigure.jdbc.JdbcTemplateConfiguration'
2024-11-21 21:14:53,848 ?[39m[DEBUG]?[0;39m [Test worker] ?[35m[o.s.b.f.s.DefaultListableBeanFactory]?[0;39m: Creating shared instance of singleton bean 'jdbcTemplate'
2024-11-21 21:14:53,848 ?[39m[DEBUG]?[0;39m [Test worker] ?[35m[o.s.b.f.s.DefaultListableBeanFactory]?[0;39m: Creating shared instance of singleton bean 'spring.jdbc-org.springframework.boot.autoconfigure.jdbc.JdbcProperties'
2024-11-21 21:14:53,849 ?[39m[DEBUG]?[0;39m [Test worker] ?[35m[o.s.b.f.s.DefaultListableBeanFactory]?[0;39m: Autowiring by type from bean name 'jdbcTemplate' via factory method to bean named 'dataSource'
2024-11-21 21:14:53,849 ?[39m[DEBUG]?[0;39m [Test worker] ?[35m[o.s.b.f.s.DefaultListableBeanFactory]?[0;39m: Autowiring by type from bean name 'jdbcTemplate' via factory method to bean named 'spring.jdbc-org.springframework.boot.autoconfigure.jdbc.JdbcProperties'
2024-11-21 21:14:53,858 ?[39m[DEBUG]?[0;39m [Test worker] ?[35m[o.s.b.f.s.DefaultListableBeanFactory]?[0;39m: Creating shared instance of singleton bean 'org.springframework.boot.autoconfigure.jdbc.NamedParameterJdbcTemplateConfiguration'
2024-11-21 21:14:53,858 ?[39m[DEBUG]?[0;39m [Test worker] ?[35m[o.s.b.f.s.DefaultListableBeanFactory]?[0;39m: Creating shared instance of singleton bean 'namedParameterJdbcTemplate'
2024-11-21 21:14:53,859 ?[39m[DEBUG]?[0;39m [Test worker] ?[35m[o.s.b.f.s.DefaultListableBeanFactory]?[0;39m: Autowiring by type from bean name 'namedParameterJdbcTemplate' via factory method to bean named 'jdbcTemplate'
2024-11-21 21:14:53,862 ?[39m[DEBUG]?[0;39m [Test worker] ?[35m[o.s.b.f.s.DefaultListableBeanFactory]?[0;39m: Creating shared instance of singleton bean 'org.springframework.boot.autoconfigure.jdbc.JdbcTemplateAutoConfiguration'
2024-11-21 21:14:53,862 ?[39m[DEBUG]?[0;39m [Test worker] ?[35m[o.s.b.f.s.DefaultListableBeanFactory]?[0;39m: Creating shared instance of singleton bean 'org.springframework.boot.autoconfigure.jdbc.JdbcClientAutoConfiguration'
2024-11-21 21:14:53,862 ?[39m[DEBUG]?[0;39m [Test worker] ?[35m[o.s.b.f.s.DefaultListableBeanFactory]?[0;39m: Creating shared instance of singleton bean 'jdbcClient'
2024-11-21 21:14:53,863 ?[39m[DEBUG]?[0;39m [Test worker] ?[35m[o.s.b.f.s.DefaultListableBeanFactory]?[0;39m: Autowiring by type from bean name 'jdbcClient' via factory method to bean named 'namedParameterJdbcTemplate'
2024-11-21 21:14:53,864 ?[39m[DEBUG]?[0;39m [Test worker] ?[35m[o.s.b.f.s.DefaultListableBeanFactory]?[0;39m: Creating shared instance of singleton bean 'org.springframework.boot.autoconfigure.sql.init.SqlInitializationAutoConfiguration'
2024-11-21 21:14:53,864 ?[39m[DEBUG]?[0;39m [Test worker] ?[35m[o.s.b.f.s.DefaultListableBeanFactory]?[0;39m: Creating shared instance of singleton bean 'org.springframework.boot.autoconfigure.task.TaskSchedulingConfigurations$ThreadPoolTaskSchedulerBuilderConfiguration'
2024-11-21 21:14:53,864 ?[39m[DEBUG]?[0;39m [Test worker] ?[35m[o.s.b.f.s.DefaultListableBeanFactory]?[0;39m: Creating shared instance of singleton bean 'threadPoolTaskSchedulerBuilder'
2024-11-21 21:14:53,865 ?[39m[DEBUG]?[0;39m [Test worker] ?[35m[o.s.b.f.s.DefaultListableBeanFactory]?[0;39m: Creating shared instance of singleton bean 'spring.task.scheduling-org.springframework.boot.autoconfigure.task.TaskSchedulingProperties'
2024-11-21 21:14:53,866 ?[39m[DEBUG]?[0;39m [Test worker] ?[35m[o.s.b.f.s.DefaultListableBeanFactory]?[0;39m: Autowiring by type from bean name 'threadPoolTaskSchedulerBuilder' via factory method to bean named 'spring.task.scheduling-org.springframework.boot.autoconfigure.task.TaskSchedulingProperties'
2024-11-21 21:14:53,868 ?[39m[DEBUG]?[0;39m [Test worker] ?[35m[o.s.b.f.s.DefaultListableBeanFactory]?[0;39m: Creating shared instance of singleton bean 'org.springframework.boot.autoconfigure.task.TaskSchedulingConfigurations$TaskSchedulerBuilderConfiguration'
2024-11-21 21:14:53,868 ?[39m[DEBUG]?[0;39m [Test worker] ?[35m[o.s.b.f.s.DefaultListableBeanFactory]?[0;39m: Creating shared instance of singleton bean 'taskSchedulerBuilder'
2024-11-21 21:14:53,868 ?[39m[DEBUG]?[0;39m [Test worker] ?[35m[o.s.b.f.s.DefaultListableBeanFactory]?[0;39m: Autowiring by type from bean name 'taskSchedulerBuilder' via factory method to bean named 'spring.task.scheduling-org.springframework.boot.autoconfigure.task.TaskSchedulingProperties'
2024-11-21 21:14:53,869 ?[39m[DEBUG]?[0;39m [Test worker] ?[35m[o.s.b.f.s.DefaultListableBeanFactory]?[0;39m: Creating shared instance of singleton bean 'org.springframework.boot.autoconfigure.task.TaskSchedulingConfigurations$SimpleAsyncTaskSchedulerBuilderConfiguration'
2024-11-21 21:14:53,869 ?[39m[DEBUG]?[0;39m [Test worker] ?[35m[o.s.b.f.s.DefaultListableBeanFactory]?[0;39m: Autowiring by type from bean name 'org.springframework.boot.autoconfigure.task.TaskSchedulingConfigurations$SimpleAsyncTaskSchedulerBuilderConfiguration' via constructor to bean named 'spring.task.scheduling-org.springframework.boot.autoconfigure.task.TaskSchedulingProperties'
2024-11-21 21:14:53,870 ?[39m[DEBUG]?[0;39m [Test worker] ?[35m[o.s.b.f.s.DefaultListableBeanFactory]?[0;39m: Creating shared instance of singleton bean 'simpleAsyncTaskSchedulerBuilder'
2024-11-21 21:14:53,871 ?[39m[DEBUG]?[0;39m [Test worker] ?[35m[o.s.b.f.s.DefaultListableBeanFactory]?[0;39m: Creating shared instance of singleton bean 'org.springframework.boot.autoconfigure.task.TaskSchedulingAutoConfiguration'
2024-11-21 21:14:53,872 ?[39m[DEBUG]?[0;39m [Test worker] ?[35m[o.s.b.f.s.DefaultListableBeanFactory]?[0;39m: Creating shared instance of singleton bean 'org.springframework.boot.autoconfigure.jdbc.DataSourceTransactionManagerAutoConfiguration$JdbcTransactionManagerConfiguration'
2024-11-21 21:14:53,872 ?[39m[DEBUG]?[0;39m [Test worker] ?[35m[o.s.b.f.s.DefaultListableBeanFactory]?[0;39m: Creating shared instance of singleton bean 'transactionManager'
2024-11-21 21:14:53,872 ?[39m[DEBUG]?[0;39m [Test worker] ?[35m[o.s.b.f.s.DefaultListableBeanFactory]?[0;39m: Autowiring by type from bean name 'transactionManager' via factory method to bean named 'environment'
2024-11-21 21:14:53,872 ?[39m[DEBUG]?[0;39m [Test worker] ?[35m[o.s.b.f.s.DefaultListableBeanFactory]?[0;39m: Autowiring by type from bean name 'transactionManager' via factory method to bean named 'dataSource'
2024-11-21 21:14:53,876 ?[39m[DEBUG]?[0;39m [Test worker] ?[35m[o.s.b.f.s.DefaultListableBeanFactory]?[0;39m: Creating shared instance of singleton bean 'org.springframework.boot.autoconfigure.jdbc.DataSourceTransactionManagerAutoConfiguration'
2024-11-21 21:14:53,876 ?[39m[DEBUG]?[0;39m [Test worker] ?[35m[o.s.b.f.s.DefaultListableBeanFactory]?[0;39m: Creating shared instance of singleton bean 'org.springframework.boot.autoconfigure.transaction.TransactionAutoConfiguration$TransactionTemplateConfiguration'
2024-11-21 21:14:53,877 ?[39m[DEBUG]?[0;39m [Test worker] ?[35m[o.s.b.f.s.DefaultListableBeanFactory]?[0;39m: Creating shared instance of singleton bean 'transactionTemplate'
2024-11-21 21:14:53,877 ?[39m[DEBUG]?[0;39m [Test worker] ?[35m[o.s.b.f.s.DefaultListableBeanFactory]?[0;39m: Autowiring by type from bean name 'transactionTemplate' via factory method to bean named 'transactionManager'
2024-11-21 21:14:53,878 ?[39m[DEBUG]?[0;39m [Test worker] ?[35m[o.s.b.f.s.DefaultListableBeanFactory]?[0;39m: Creating shared instance of singleton bean 'org.springframework.boot.autoconfigure.transaction.TransactionAutoConfiguration'
2024-11-21 21:14:53,879 ?[39m[DEBUG]?[0;39m [Test worker] ?[35m[o.s.b.f.s.DefaultListableBeanFactory]?[0;39m: Creating shared instance of singleton bean 'org.springframework.boot.autoconfigure.web.client.RestClientAutoConfiguration'
2024-11-21 21:14:53,879 ?[39m[DEBUG]?[0;39m [Test worker] ?[35m[o.s.b.f.s.DefaultListableBeanFactory]?[0;39m: Creating shared instance of singleton bean 'httpMessageConvertersRestClientCustomizer'
2024-11-21 21:14:53,880 ?[39m[DEBUG]?[0;39m [Test worker] ?[35m[o.s.b.f.s.DefaultListableBeanFactory]?[0;39m: Creating shared instance of singleton bean 'restClientSsl'
2024-11-21 21:14:53,880 ?[39m[DEBUG]?[0;39m [Test worker] ?[35m[o.s.b.f.s.DefaultListableBeanFactory]?[0;39m: Autowiring by type from bean name 'restClientSsl' via factory method to bean named 'sslBundleRegistry'
2024-11-21 21:14:53,880 ?[39m[DEBUG]?[0;39m [Test worker] ?[35m[o.s.b.f.s.DefaultListableBeanFactory]?[0;39m: Creating shared instance of singleton bean 'restClientBuilderConfigurer'
2024-11-21 21:14:53,881 ?[39m[DEBUG]?[0;39m [Test worker] ?[35m[o.s.b.f.s.DefaultListableBeanFactory]?[0;39m: Creating shared instance of singleton bean 'org.springframework.boot.autoconfigure.web.client.RestTemplateAutoConfiguration'
2024-11-21 21:14:53,881 ?[39m[DEBUG]?[0;39m [Test worker] ?[35m[o.s.b.f.s.DefaultListableBeanFactory]?[0;39m: Creating shared instance of singleton bean 'characterEncodingFilter'
2024-11-21 21:14:53,882 ?[39m[DEBUG]?[0;39m [Test worker] ?[35m[o.s.b.f.s.DefaultListableBeanFactory]?[0;39m: Creating shared instance of singleton bean 'multipartResolver'
2024-11-21 21:14:53,892 ?[39m[DEBUG]?[0;39m [Test worker] ?[35m[o.s.c.s.DefaultLifecycleProcessor]?[0;39m: Starting beans in phase -2147483647
2024-11-21 21:14:53,892 ?[39m[DEBUG]?[0;39m [Test worker] ?[35m[o.s.c.s.DefaultLifecycleProcessor]?[0;39m: Successfully started bean 'springBootLoggingLifecycle'
2024-11-21 21:14:53,892 ?[39m[DEBUG]?[0;39m [Test worker] ?[35m[o.s.c.s.DefaultLifecycleProcessor]?[0;39m: Starting beans in phase 2147483647
2024-11-21 21:14:53,903 ?[39m[DEBUG]?[0;39m [Test worker] ?[35m[o.s.b.a.l.ConditionEvaluationReportLogger]?[0;39m: 


============================
CONDITIONS EVALUATION REPORT
============================


Positive matches:
-----------------

   AopAutoConfiguration matched:
      - @ConditionalOnProperty (spring.aop.auto=true) matched (OnPropertyCondition)

   AopAutoConfiguration.ClassProxyingConfiguration matched:
      - @ConditionalOnMissingClass did not find unwanted class 'org.aspectj.weaver.Advice' (OnClassCondition)
      - @ConditionalOnProperty (spring.aop.proxy-target-class=true) matched (OnPropertyCondition)

   ApplicationAvailabilityAutoConfiguration#applicationAvailability matched:
      - @ConditionalOnMissingBean (types: org.springframework.boot.availability.ApplicationAvailability; SearchStrategy: all) did not find any beans (OnBeanCondition)

   DataSourceAutoConfiguration matched:
      - @ConditionalOnClass found required classes 'javax.sql.DataSource', 'org.springframework.jdbc.datasource.embedded.EmbeddedDatabaseType' (OnClassCondition)
      - @ConditionalOnMissingBean (types: io.r2dbc.spi.ConnectionFactory; SearchStrategy: all) did not find any beans (OnBeanCondition)

   DataSourceConfiguration.Hikari matched:
      - @ConditionalOnClass found required class 'com.zaxxer.hikari.HikariDataSource' (OnClassCondition)
      - @ConditionalOnProperty (spring.datasource.type=com.zaxxer.hikari.HikariDataSource) matched (OnPropertyCondition)

   DataSourceInitializationConfiguration matched:
      - @ConditionalOnClass found required class 'org.springframework.jdbc.datasource.init.DatabasePopulator' (OnClassCondition)
      - @ConditionalOnSingleCandidate (types: javax.sql.DataSource; SearchStrategy: all) found a single bean 'dataSource'; @ConditionalOnMissingBean (types: org.springframework.boot.autoconfigure.sql.init.SqlDataSourceScriptDatabaseInitializer,org.springframework.boot.autoconfigure.sql.init.SqlR2dbcScriptDatabaseInitializer; SearchStrategy: all) did not find any beans (OnBeanCondition)

   DataSourcePoolMetadataProvidersConfiguration.HikariPoolDataSourceMetadataProviderConfiguration matched:
      - @ConditionalOnClass found required class 'com.zaxxer.hikari.HikariDataSource' (OnClassCondition)

   DataSourceTransactionManagerAutoConfiguration matched:
      - @ConditionalOnClass found required classes 'javax.sql.DataSource', 'org.springframework.jdbc.core.JdbcTemplate', 'org.springframework.transaction.TransactionManager' (OnClassCondition)

   DataSourceTransactionManagerAutoConfiguration.JdbcTransactionManagerConfiguration matched:
      - @ConditionalOnSingleCandidate (types: javax.sql.DataSource; SearchStrategy: all) found a single bean 'dataSource' (OnBeanCondition)

   DataSourceTransactionManagerAutoConfiguration.JdbcTransactionManagerConfiguration#transactionManager matched:
      - @ConditionalOnMissingBean (types: org.springframework.transaction.TransactionManager; SearchStrategy: all) did not find any beans (OnBeanCondition)

   DispatcherServletAutoConfiguration matched:
      - @ConditionalOnClass found required class 'org.springframework.web.servlet.DispatcherServlet' (OnClassCondition)
      - found 'session' scope (OnWebApplicationCondition)

   DispatcherServletAutoConfiguration.DispatcherServletConfiguration matched:
      - @ConditionalOnClass found required class 'jakarta.servlet.ServletRegistration' (OnClassCondition)
      - Default DispatcherServlet did not find dispatcher servlet beans (DispatcherServletAutoConfiguration.DefaultDispatcherServletCondition)

   DispatcherServletAutoConfiguration.DispatcherServletRegistrationConfiguration matched:
      - @ConditionalOnClass found required class 'jakarta.servlet.ServletRegistration' (OnClassCondition)
      - DispatcherServlet Registration did not find servlet registration bean (DispatcherServletAutoConfiguration.DispatcherServletRegistrationCondition)

   DispatcherServletAutoConfiguration.DispatcherServletRegistrationConfiguration#dispatcherServletRegistration matched:
      - @ConditionalOnBean (names: dispatcherServlet types: org.springframework.web.servlet.DispatcherServlet; SearchStrategy: all) found bean 'dispatcherServlet' (OnBeanCondition)

   ErrorMvcAutoConfiguration matched:
      - @ConditionalOnClass found required classes 'jakarta.servlet.Servlet', 'org.springframework.web.servlet.DispatcherServlet' (OnClassCondition)
      - found 'session' scope (OnWebApplicationCondition)

   ErrorMvcAutoConfiguration#basicErrorController matched:
      - @ConditionalOnMissingBean (types: org.springframework.boot.web.servlet.error.ErrorController; SearchStrategy: current) did not find any beans (OnBeanCondition)

   ErrorMvcAutoConfiguration#errorAttributes matched:
      - @ConditionalOnMissingBean (types: org.springframework.boot.web.servlet.error.ErrorAttributes; SearchStrategy: current) did not find any beans (OnBeanCondition)

   ErrorMvcAutoConfiguration.DefaultErrorViewResolverConfiguration#conventionErrorViewResolver matched:
      - @ConditionalOnBean (types: org.springframework.web.servlet.DispatcherServlet; SearchStrategy: all) found bean 'dispatcherServlet'; @ConditionalOnMissingBean (types: org.springframework.boot.autoconfigure.web.servlet.error.ErrorViewResolver; SearchStrategy: all) did not find any beans (OnBeanCondition)

   ErrorMvcAutoConfiguration.WhitelabelErrorViewConfiguration matched:
      - @ConditionalOnProperty (server.error.whitelabel.enabled) matched (OnPropertyCondition)
      - ErrorTemplate Missing did not find error template view (ErrorMvcAutoConfiguration.ErrorTemplateMissingCondition)

   ErrorMvcAutoConfiguration.WhitelabelErrorViewConfiguration#beanNameViewResolver matched:
      - @ConditionalOnMissingBean (types: org.springframework.web.servlet.view.BeanNameViewResolver; SearchStrategy: all) did not find any beans (OnBeanCondition)

   ErrorMvcAutoConfiguration.WhitelabelErrorViewConfiguration#defaultErrorView matched:
      - @ConditionalOnMissingBean (names: error; SearchStrategy: all) did not find any beans (OnBeanCondition)

   GenericCacheConfiguration matched:
      - Cache org.springframework.boot.autoconfigure.cache.GenericCacheConfiguration automatic cache type (CacheCondition)

   HttpEncodingAutoConfiguration matched:
      - @ConditionalOnClass found required class 'org.springframework.web.filter.CharacterEncodingFilter' (OnClassCondition)
      - found 'session' scope (OnWebApplicationCondition)
      - @ConditionalOnProperty (server.servlet.encoding.enabled) matched (OnPropertyCondition)

   HttpEncodingAutoConfiguration#characterEncodingFilter matched:
      - @ConditionalOnMissingBean (types: org.springframework.web.filter.CharacterEncodingFilter; SearchStrategy: all) did not find any beans (OnBeanCondition)

   HttpMessageConvertersAutoConfiguration matched:
      - @ConditionalOnClass found required class 'org.springframework.http.converter.HttpMessageConverter' (OnClassCondition)
      - NoneNestedConditions 0 matched 1 did not; NestedCondition on HttpMessageConvertersAutoConfiguration.NotReactiveWebApplicationCondition.ReactiveWebApplication did not find reactive web application classes (HttpMessageConvertersAutoConfiguration.NotReactiveWebApplicationCondition)

   HttpMessageConvertersAutoConfiguration#messageConverters matched:
      - @ConditionalOnMissingBean (types: org.springframework.boot.autoconfigure.http.HttpMessageConverters; SearchStrategy: all) did not find any beans (OnBeanCondition)

   HttpMessageConvertersAutoConfiguration.StringHttpMessageConverterConfiguration matched:
      - @ConditionalOnClass found required class 'org.springframework.http.converter.StringHttpMessageConverter' (OnClassCondition)

   HttpMessageConvertersAutoConfiguration.StringHttpMessageConverterConfiguration#stringHttpMessageConverter matched:
      - @ConditionalOnMissingBean (types: org.springframework.http.converter.StringHttpMessageConverter; SearchStrategy: all) did not find any beans (OnBeanCondition)

   JacksonAutoConfiguration matched:
      - @ConditionalOnClass found required class 'com.fasterxml.jackson.databind.ObjectMapper' (OnClassCondition)

   JacksonAutoConfiguration.Jackson2ObjectMapperBuilderCustomizerConfiguration matched:
      - @ConditionalOnClass found required class 'org.springframework.http.converter.json.Jackson2ObjectMapperBuilder' (OnClassCondition)

   JacksonAutoConfiguration.JacksonObjectMapperBuilderConfiguration matched:
      - @ConditionalOnClass found required class 'org.springframework.http.converter.json.Jackson2ObjectMapperBuilder' (OnClassCondition)

   JacksonAutoConfiguration.JacksonObjectMapperBuilderConfiguration#jacksonObjectMapperBuilder matched:
      - @ConditionalOnMissingBean (types: org.springframework.http.converter.json.Jackson2ObjectMapperBuilder; SearchStrategy: all) did not find any beans (OnBeanCondition)

   JacksonAutoConfiguration.JacksonObjectMapperConfiguration matched:
      - @ConditionalOnClass found required class 'org.springframework.http.converter.json.Jackson2ObjectMapperBuilder' (OnClassCondition)

   JacksonAutoConfiguration.JacksonObjectMapperConfiguration#jacksonObjectMapper matched:
      - @ConditionalOnMissingBean (types: com.fasterxml.jackson.databind.ObjectMapper; SearchStrategy: all) did not find any beans (OnBeanCondition)

   JacksonAutoConfiguration.ParameterNamesModuleConfiguration matched:
      - @ConditionalOnClass found required class 'com.fasterxml.jackson.module.paramnames.ParameterNamesModule' (OnClassCondition)

   JacksonAutoConfiguration.ParameterNamesModuleConfiguration#parameterNamesModule matched:
      - @ConditionalOnMissingBean (types: com.fasterxml.jackson.module.paramnames.ParameterNamesModule; SearchStrategy: all) did not find any beans (OnBeanCondition)

   JacksonHttpMessageConvertersConfiguration.MappingJackson2HttpMessageConverterConfiguration matched:
      - @ConditionalOnClass found required class 'com.fasterxml.jackson.databind.ObjectMapper' (OnClassCondition)
      - @ConditionalOnProperty (spring.mvc.converters.preferred-json-mapper=jackson) matched (OnPropertyCondition)
      - @ConditionalOnBean (types: com.fasterxml.jackson.databind.ObjectMapper; SearchStrategy: all) found bean 'jacksonObjectMapper' (OnBeanCondition)

   JacksonHttpMessageConvertersConfiguration.MappingJackson2HttpMessageConverterConfiguration#mappingJackson2HttpMessageConverter matched:
      - @ConditionalOnMissingBean (types: org.springframework.http.converter.json.MappingJackson2HttpMessageConverter ignored: org.springframework.hateoas.server.mvc.TypeConstrainedMappingJackson2HttpMessageConverter,org.springframework.data.rest.webmvc.alps.AlpsJsonHttpMessageConverter; SearchStrategy: all) did not find any beans (OnBeanCondition)

   JdbcClientAutoConfiguration matched:
      - @ConditionalOnSingleCandidate (types: org.springframework.jdbc.core.namedparam.NamedParameterJdbcTemplate; SearchStrategy: all) found a single bean 'namedParameterJdbcTemplate'; @ConditionalOnMissingBean (types: org.springframework.jdbc.core.simple.JdbcClient; SearchStrategy: all) did not find any beans (OnBeanCondition)

   JdbcTemplateAutoConfiguration matched:
      - @ConditionalOnClass found required classes 'javax.sql.DataSource', 'org.springframework.jdbc.core.JdbcTemplate' (OnClassCondition)
      - @ConditionalOnSingleCandidate (types: javax.sql.DataSource; SearchStrategy: all) found a single bean 'dataSource' (OnBeanCondition)

   JdbcTemplateConfiguration matched:
      - @ConditionalOnMissingBean (types: org.springframework.jdbc.core.JdbcOperations; SearchStrategy: all) did not find any beans (OnBeanCondition)

   LifecycleAutoConfiguration#defaultLifecycleProcessor matched:
      - @ConditionalOnMissingBean (names: lifecycleProcessor; SearchStrategy: current) did not find any beans (OnBeanCondition)

   MultipartAutoConfiguration matched:
      - @ConditionalOnClass found required classes 'jakarta.servlet.Servlet', 'org.springframework.web.multipart.support.StandardServletMultipartResolver', 'jakarta.servlet.MultipartConfigElement' (OnClassCondition)
      - found 'session' scope (OnWebApplicationCondition)
      - @ConditionalOnProperty (spring.servlet.multipart.enabled) matched (OnPropertyCondition)

   MultipartAutoConfiguration#multipartConfigElement matched:
      - @ConditionalOnMissingBean (types: jakarta.servlet.MultipartConfigElement; SearchStrategy: all) did not find any beans (OnBeanCondition)

   MultipartAutoConfiguration#multipartResolver matched:
      - @ConditionalOnMissingBean (types: org.springframework.web.multipart.MultipartResolver; SearchStrategy: all) did not find any beans (OnBeanCondition)

   MybatisAutoConfiguration matched:
      - @ConditionalOnClass found required classes 'org.apache.ibatis.session.SqlSessionFactory', 'org.mybatis.spring.SqlSessionFactoryBean' (OnClassCondition)
      - @ConditionalOnSingleCandidate (types: javax.sql.DataSource; SearchStrategy: all) found a single bean 'dataSource' (OnBeanCondition)

   MybatisAutoConfiguration#sqlSessionTemplate matched:
      - @ConditionalOnMissingBean (types: org.mybatis.spring.SqlSessionTemplate; SearchStrategy: all) did not find any beans (OnBeanCondition)

   MybatisAutoConfiguration.MapperScannerRegistrarNotFoundConfiguration matched:
      - @ConditionalOnMissingBean (types: org.mybatis.spring.mapper.MapperFactoryBean,org.mybatis.spring.mapper.MapperScannerConfigurer; SearchStrategy: all) did not find any beans (OnBeanCondition)

   MybatisLanguageDriverAutoConfiguration matched:
      - @ConditionalOnClass found required class 'org.apache.ibatis.scripting.LanguageDriver' (OnClassCondition)

   NamedParameterJdbcTemplateConfiguration matched:
      - @ConditionalOnSingleCandidate (types: org.springframework.jdbc.core.JdbcTemplate; SearchStrategy: all) found a single bean 'jdbcTemplate'; @ConditionalOnMissingBean (types: org.springframework.jdbc.core.namedparam.NamedParameterJdbcOperations; SearchStrategy: all) did not find any beans (OnBeanCondition)

   NoOpCacheConfiguration matched:
      - Cache org.springframework.boot.autoconfigure.cache.NoOpCacheConfiguration automatic cache type (CacheCondition)

   PersistenceExceptionTranslationAutoConfiguration matched:
      - @ConditionalOnClass found required class 'org.springframework.dao.annotation.PersistenceExceptionTranslationPostProcessor' (OnClassCondition)

   PersistenceExceptionTranslationAutoConfiguration#persistenceExceptionTranslationPostProcessor matched:
      - @ConditionalOnProperty (spring.dao.exceptiontranslation.enabled) matched (OnPropertyCondition)
      - @ConditionalOnMissingBean (types: org.springframework.dao.annotation.PersistenceExceptionTranslationPostProcessor; SearchStrategy: all) did not find any beans (OnBeanCondition)

   PropertyPlaceholderAutoConfiguration#propertySourcesPlaceholderConfigurer matched:
      - @ConditionalOnMissingBean (types: org.springframework.context.support.PropertySourcesPlaceholderConfigurer; SearchStrategy: current) did not find any beans (OnBeanCondition)

   RestClientAutoConfiguration matched:
      - @ConditionalOnClass found required class 'org.springframework.web.client.RestClient' (OnClassCondition)
      - NoneNestedConditions 0 matched 1 did not; NestedCondition on NotReactiveWebApplicationCondition.ReactiveWebApplication did not find reactive web application classes (NotReactiveWebApplicationCondition)

   RestClientAutoConfiguration#httpMessageConvertersRestClientCustomizer matched:
      - @ConditionalOnMissingBean (types: org.springframework.boot.autoconfigure.web.client.HttpMessageConvertersRestClientCustomizer; SearchStrategy: all) did not find any beans (OnBeanCondition)

   RestClientAutoConfiguration#restClientBuilder matched:
      - @ConditionalOnMissingBean (types: org.springframework.web.client.RestClient$Builder; SearchStrategy: all) did not find any beans (OnBeanCondition)

   RestClientAutoConfiguration#restClientBuilderConfigurer matched:
      - @ConditionalOnMissingBean (types: org.springframework.boot.autoconfigure.web.client.RestClientBuilderConfigurer; SearchStrategy: all) did not find any beans (OnBeanCondition)

   RestClientAutoConfiguration#restClientSsl matched:
      - @ConditionalOnBean (types: org.springframework.boot.ssl.SslBundles; SearchStrategy: all) found bean 'sslBundleRegistry'; @ConditionalOnMissingBean (types: org.springframework.boot.autoconfigure.web.client.RestClientSsl; SearchStrategy: all) did not find any beans (OnBeanCondition)

   RestTemplateAutoConfiguration matched:
      - @ConditionalOnClass found required class 'org.springframework.web.client.RestTemplate' (OnClassCondition)
      - NoneNestedConditions 0 matched 1 did not; NestedCondition on NotReactiveWebApplicationCondition.ReactiveWebApplication did not find reactive web application classes (NotReactiveWebApplicationCondition)

   RestTemplateAutoConfiguration#restTemplateBuilder matched:
      - @ConditionalOnMissingBean (types: org.springframework.boot.web.client.RestTemplateBuilder; SearchStrategy: all) did not find any beans (OnBeanCondition)

   ServletWebServerFactoryAutoConfiguration matched:
      - @ConditionalOnClass found required class 'jakarta.servlet.ServletRequest' (OnClassCondition)
      - found 'session' scope (OnWebApplicationCondition)

   ServletWebServerFactoryAutoConfiguration#tomcatServletWebServerFactoryCustomizer matched:
      - @ConditionalOnClass found required class 'org.apache.catalina.startup.Tomcat' (OnClassCondition)

   ServletWebServerFactoryConfiguration.EmbeddedTomcat matched:
      - @ConditionalOnClass found required classes 'jakarta.servlet.Servlet', 'org.apache.catalina.startup.Tomcat', 'org.apache.coyote.UpgradeProtocol' (OnClassCondition)
      - @ConditionalOnMissingBean (types: org.springframework.boot.web.servlet.server.ServletWebServerFactory; SearchStrategy: current) did not find any beans (OnBeanCondition)

   SimpleCacheConfiguration matched:
      - Cache org.springframework.boot.autoconfigure.cache.SimpleCacheConfiguration automatic cache type (CacheCondition)

   SqlInitializationAutoConfiguration matched:
      - @ConditionalOnProperty (spring.sql.init.enabled) matched (OnPropertyCondition)
      - NoneNestedConditions 0 matched 1 did not; NestedCondition on SqlInitializationAutoConfiguration.SqlInitializationModeCondition.ModeIsNever @ConditionalOnProperty (spring.sql.init.mode=never) did not find property 'mode' (SqlInitializationAutoConfiguration.SqlInitializationModeCondition)

   SslAutoConfiguration#sslBundleRegistry matched:
      - @ConditionalOnMissingBean (types: org.springframework.boot.ssl.SslBundleRegistry,org.springframework.boot.ssl.SslBundles; SearchStrategy: all) did not find any beans (OnBeanCondition)

   TaskExecutionAutoConfiguration matched:
      - @ConditionalOnClass found required class 'org.springframework.scheduling.concurrent.ThreadPoolTaskExecutor' (OnClassCondition)

   TaskExecutorConfigurations.SimpleAsyncTaskExecutorBuilderConfiguration#simpleAsyncTaskExecutorBuilder matched:
      - @ConditionalOnMissingBean (types: org.springframework.boot.task.SimpleAsyncTaskExecutorBuilder; SearchStrategy: all) did not find any beans (OnBeanCondition)
      - @ConditionalOnThreading found PLATFORM (OnThreadingCondition)

   TaskExecutorConfigurations.TaskExecutorBuilderConfiguration#taskExecutorBuilder matched:
      - @ConditionalOnMissingBean (types: org.springframework.boot.task.TaskExecutorBuilder; SearchStrategy: all) did not find any beans (OnBeanCondition)

   TaskExecutorConfigurations.TaskExecutorConfiguration matched:
      - @ConditionalOnMissingBean (types: java.util.concurrent.Executor; SearchStrategy: all) did not find any beans (OnBeanCondition)

   TaskExecutorConfigurations.TaskExecutorConfiguration#applicationTaskExecutor matched:
      - @ConditionalOnThreading found PLATFORM (OnThreadingCondition)

   TaskExecutorConfigurations.ThreadPoolTaskExecutorBuilderConfiguration#threadPoolTaskExecutorBuilder matched:
      - @ConditionalOnMissingBean (types: org.springframework.boot.task.TaskExecutorBuilder,org.springframework.boot.task.ThreadPoolTaskExecutorBuilder; SearchStrategy: all) did not find any beans (OnBeanCondition)

   TaskSchedulingAutoConfiguration matched:
      - @ConditionalOnClass found required class 'org.springframework.scheduling.concurrent.ThreadPoolTaskScheduler' (OnClassCondition)

   TaskSchedulingConfigurations.SimpleAsyncTaskSchedulerBuilderConfiguration#simpleAsyncTaskSchedulerBuilder matched:
      - @ConditionalOnMissingBean (types: org.springframework.boot.task.SimpleAsyncTaskSchedulerBuilder; SearchStrategy: all) did not find any beans (OnBeanCondition)
      - @ConditionalOnThreading found PLATFORM (OnThreadingCondition)

   TaskSchedulingConfigurations.TaskSchedulerBuilderConfiguration#taskSchedulerBuilder matched:
      - @ConditionalOnMissingBean (types: org.springframework.boot.task.TaskSchedulerBuilder; SearchStrategy: all) did not find any beans (OnBeanCondition)

   TaskSchedulingConfigurations.ThreadPoolTaskSchedulerBuilderConfiguration#threadPoolTaskSchedulerBuilder matched:
      - @ConditionalOnMissingBean (types: org.springframework.boot.task.TaskSchedulerBuilder,org.springframework.boot.task.ThreadPoolTaskSchedulerBuilder; SearchStrategy: all) did not find any beans (OnBeanCondition)

   TransactionAutoConfiguration matched:
      - @ConditionalOnClass found required class 'org.springframework.transaction.PlatformTransactionManager' (OnClassCondition)

   TransactionAutoConfiguration.TransactionTemplateConfiguration matched:
      - @ConditionalOnSingleCandidate (types: org.springframework.transaction.PlatformTransactionManager; SearchStrategy: all) found a single bean 'transactionManager' (OnBeanCondition)

   TransactionAutoConfiguration.TransactionTemplateConfiguration#transactionTemplate matched:
      - @ConditionalOnMissingBean (types: org.springframework.transaction.support.TransactionOperations; SearchStrategy: all) did not find any beans (OnBeanCondition)

   TransactionManagerCustomizationAutoConfiguration matched:
      - @ConditionalOnClass found required class 'org.springframework.transaction.PlatformTransactionManager' (OnClassCondition)

   TransactionManagerCustomizationAutoConfiguration#platformTransactionManagerCustomizers matched:
      - @ConditionalOnMissingBean (types: org.springframework.boot.autoconfigure.transaction.TransactionManagerCustomizers; SearchStrategy: all) did not find any beans (OnBeanCondition)

   WebMvcAutoConfiguration matched:
      - @ConditionalOnClass found required classes 'jakarta.servlet.Servlet', 'org.springframework.web.servlet.DispatcherServlet', 'org.springframework.web.servlet.config.annotation.WebMvcConfigurer' (OnClassCondition)
      - found 'session' scope (OnWebApplicationCondition)
      - @ConditionalOnMissingBean (types: org.springframework.web.servlet.config.annotation.WebMvcConfigurationSupport; SearchStrategy: all) did not find any beans (OnBeanCondition)

   WebMvcAutoConfiguration#formContentFilter matched:
      - @ConditionalOnProperty (spring.mvc.formcontent.filter.enabled) matched (OnPropertyCondition)
      - @ConditionalOnMissingBean (types: org.springframework.web.filter.FormContentFilter; SearchStrategy: all) did not find any beans (OnBeanCondition)

   WebMvcAutoConfiguration.EnableWebMvcConfiguration#flashMapManager matched:
      - @ConditionalOnMissingBean (names: flashMapManager; SearchStrategy: all) did not find any beans (OnBeanCondition)

   WebMvcAutoConfiguration.EnableWebMvcConfiguration#localeResolver matched:
      - @ConditionalOnMissingBean (names: localeResolver; SearchStrategy: all) did not find any beans (OnBeanCondition)

   WebMvcAutoConfiguration.EnableWebMvcConfiguration#themeResolver matched:
      - @ConditionalOnMissingBean (names: themeResolver; SearchStrategy: all) did not find any beans (OnBeanCondition)

   WebMvcAutoConfiguration.WebMvcAutoConfigurationAdapter#defaultViewResolver matched:
      - @ConditionalOnMissingBean (types: org.springframework.web.servlet.view.InternalResourceViewResolver; SearchStrategy: all) did not find any beans (OnBeanCondition)

   WebMvcAutoConfiguration.WebMvcAutoConfigurationAdapter#requestContextFilter matched:
      - @ConditionalOnMissingBean (types: org.springframework.web.context.request.RequestContextListener,org.springframework.web.filter.RequestContextFilter; SearchStrategy: all) did not find any beans (OnBeanCondition)

   WebMvcAutoConfiguration.WebMvcAutoConfigurationAdapter#viewResolver matched:
      - @ConditionalOnBean (types: org.springframework.web.servlet.ViewResolver; SearchStrategy: all) found beans 'defaultViewResolver', 'beanNameViewResolver', 'mvcViewResolver'; @ConditionalOnMissingBean (names: viewResolver types: org.springframework.web.servlet.view.ContentNegotiatingViewResolver; SearchStrategy: all) did not find any beans (OnBeanCondition)

   WebSocketServletAutoConfiguration matched:
      - @ConditionalOnClass found required classes 'jakarta.servlet.Servlet', 'jakarta.websocket.server.ServerContainer' (OnClassCondition)
      - found 'session' scope (OnWebApplicationCondition)

   WebSocketServletAutoConfiguration.TomcatWebSocketConfiguration matched:
      - @ConditionalOnClass found required classes 'org.apache.catalina.startup.Tomcat', 'org.apache.tomcat.websocket.server.WsSci' (OnClassCondition)

   WebSocketServletAutoConfiguration.TomcatWebSocketConfiguration#websocketServletWebServerCustomizer matched:
      - @ConditionalOnMissingBean (names: websocketServletWebServerCustomizer; SearchStrategy: all) did not find any beans (OnBeanCondition)


Negative matches:
-----------------

   ActiveMQAutoConfiguration:
      Did not match:
         - @ConditionalOnClass did not find required class 'jakarta.jms.ConnectionFactory' (OnClassCondition)

   AopAutoConfiguration.AspectJAutoProxyingConfiguration:
      Did not match:
         - @ConditionalOnClass did not find required class 'org.aspectj.weaver.Advice' (OnClassCondition)

   ArtemisAutoConfiguration:
      Did not match:
         - @ConditionalOnClass did not find required class 'jakarta.jms.ConnectionFactory' (OnClassCondition)

   BatchAutoConfiguration:
      Did not match:
         - @ConditionalOnClass did not find required class 'org.springframework.batch.core.launch.JobLauncher' (OnClassCondition)

   Cache2kCacheConfiguration:
      Did not match:
         - @ConditionalOnClass did not find required class 'org.cache2k.Cache2kBuilder' (OnClassCondition)

   CacheAutoConfiguration:
      Did not match:
         - @ConditionalOnBean (types: org.springframework.cache.interceptor.CacheAspectSupport; SearchStrategy: all) did not find any beans of type org.springframework.cache.interceptor.CacheAspectSupport (OnBeanCondition)
      Matched:
         - @ConditionalOnClass found required class 'org.springframework.cache.CacheManager' (OnClassCondition)

   CacheAutoConfiguration.CacheManagerEntityManagerFactoryDependsOnPostProcessor:
      Did not match:
         - @ConditionalOnClass did not find required class 'org.springframework.orm.jpa.LocalContainerEntityManagerFactoryBean' (OnClassCondition)
         - Ancestor org.springframework.boot.autoconfigure.cache.CacheAutoConfiguration did not match (ConditionEvaluationReport.AncestorsMatchedCondition)

   CaffeineCacheConfiguration:
      Did not match:
         - @ConditionalOnClass did not find required class 'com.github.benmanes.caffeine.cache.Caffeine' (OnClassCondition)

   CassandraAutoConfiguration:
      Did not match:
         - @ConditionalOnClass did not find required class 'com.datastax.oss.driver.api.core.CqlSession' (OnClassCondition)

   CassandraDataAutoConfiguration:
      Did not match:
         - @ConditionalOnClass did not find required class 'com.datastax.oss.driver.api.core.CqlSession' (OnClassCondition)

   CassandraReactiveDataAutoConfiguration:
      Did not match:
         - @ConditionalOnClass did not find required class 'com.datastax.oss.driver.api.core.CqlSession' (OnClassCondition)

   CassandraReactiveRepositoriesAutoConfiguration:
      Did not match:
         - @ConditionalOnClass did not find required class 'org.springframework.data.cassandra.ReactiveSession' (OnClassCondition)

   CassandraRepositoriesAutoConfiguration:
      Did not match:
         - @ConditionalOnClass did not find required class 'com.datastax.oss.driver.api.core.CqlSession' (OnClassCondition)

   ClientHttpConnectorAutoConfiguration:
      Did not match:
         - @ConditionalOnClass did not find required class 'org.springframework.web.reactive.function.client.WebClient' (OnClassCondition)

   CodecsAutoConfiguration:
      Did not match:
         - @ConditionalOnClass did not find required class 'org.springframework.web.reactive.function.client.WebClient' (OnClassCondition)

   CouchbaseAutoConfiguration:
      Did not match:
         - @ConditionalOnClass did not find required class 'com.couchbase.client.java.Cluster' (OnClassCondition)

   CouchbaseCacheConfiguration:
      Did not match:
         - @ConditionalOnClass did not find required class 'com.couchbase.client.java.Cluster' (OnClassCondition)

   CouchbaseDataAutoConfiguration:
      Did not match:
         - @ConditionalOnClass did not find required class 'com.couchbase.client.java.Bucket' (OnClassCondition)

   CouchbaseReactiveDataAutoConfiguration:
      Did not match:
         - @ConditionalOnClass did not find required class 'com.couchbase.client.java.Cluster' (OnClassCondition)

   CouchbaseReactiveRepositoriesAutoConfiguration:
      Did not match:
         - @ConditionalOnClass did not find required class 'com.couchbase.client.java.Cluster' (OnClassCondition)

   CouchbaseRepositoriesAutoConfiguration:
      Did not match:
         - @ConditionalOnClass did not find required class 'com.couchbase.client.java.Bucket' (OnClassCondition)

   DataSourceAutoConfiguration.EmbeddedDatabaseConfiguration:
      Did not match:
         - EmbeddedDataSource found supported pooled data source (DataSourceAutoConfiguration.EmbeddedDatabaseCondition)

   DataSourceAutoConfiguration.PooledDataSourceConfiguration:
      Did not match:
         - @ConditionalOnMissingBean (types: javax.sql.DataSource,javax.sql.XADataSource; SearchStrategy: all) found beans of type 'javax.sql.DataSource' dataSource (OnBeanCondition)
      Matched:
         - AnyNestedCondition 1 matched 1 did not; NestedCondition on DataSourceAutoConfiguration.PooledDataSourceCondition.PooledDataSourceAvailable PooledDataSource found supported DataSource; NestedCondition on DataSourceAutoConfiguration.PooledDataSourceCondition.ExplicitType @ConditionalOnProperty (spring.datasource.type) did not find property 'type' (DataSourceAutoConfiguration.PooledDataSourceCondition)

   DataSourceCheckpointRestoreConfiguration:
      Did not match:
         - @ConditionalOnClass did not find required class 'org.crac.Resource' (OnClassCondition)

   DataSourceConfiguration.Dbcp2:
      Did not match:
         - @ConditionalOnClass did not find required class 'org.apache.commons.dbcp2.BasicDataSource' (OnClassCondition)

   DataSourceConfiguration.Generic:
      Did not match:
         - @ConditionalOnProperty (spring.datasource.type) did not find property 'spring.datasource.type' (OnPropertyCondition)

   DataSourceConfiguration.OracleUcp:
      Did not match:
         - @ConditionalOnClass did not find required classes 'oracle.ucp.jdbc.PoolDataSourceImpl', 'oracle.jdbc.OracleConnection' (OnClassCondition)

   DataSourceConfiguration.Tomcat:
      Did not match:
         - @ConditionalOnClass did not find required class 'org.apache.tomcat.jdbc.pool.DataSource' (OnClassCondition)

   DataSourceJmxConfiguration:
      Did not match:
         - @ConditionalOnProperty (spring.jmx.enabled=true) found different value in property 'enabled' (OnPropertyCondition)

   DataSourcePoolMetadataProvidersConfiguration.CommonsDbcp2PoolDataSourceMetadataProviderConfiguration:
      Did not match:
         - @ConditionalOnClass did not find required class 'org.apache.commons.dbcp2.BasicDataSource' (OnClassCondition)

   DataSourcePoolMetadataProvidersConfiguration.OracleUcpPoolDataSourceMetadataProviderConfiguration:
      Did not match:
         - @ConditionalOnClass did not find required classes 'oracle.ucp.jdbc.PoolDataSource', 'oracle.jdbc.OracleConnection' (OnClassCondition)

   DataSourcePoolMetadataProvidersConfiguration.TomcatDataSourcePoolMetadataProviderConfiguration:
      Did not match:
         - @ConditionalOnClass did not find required class 'org.apache.tomcat.jdbc.pool.DataSource' (OnClassCondition)

   DispatcherServletAutoConfiguration.DispatcherServletConfiguration#multipartResolver:
      Did not match:
         - @ConditionalOnBean (types: org.springframework.web.multipart.MultipartResolver; SearchStrategy: all) did not find any beans of type org.springframework.web.multipart.MultipartResolver (OnBeanCondition)

   ElasticsearchClientAutoConfiguration:
      Did not match:
         - @ConditionalOnClass did not find required class 'co.elastic.clients.elasticsearch.ElasticsearchClient' (OnClassCondition)

   ElasticsearchDataAutoConfiguration:
      Did not match:
         - @ConditionalOnClass did not find required class 'org.springframework.data.elasticsearch.client.elc.ElasticsearchTemplate' (OnClassCondition)

   ElasticsearchRepositoriesAutoConfiguration:
      Did not match:
         - @ConditionalOnClass did not find required class 'org.springframework.data.elasticsearch.repository.ElasticsearchRepository' (OnClassCondition)

   ElasticsearchRestClientAutoConfiguration:
      Did not match:
         - @ConditionalOnClass did not find required class 'org.elasticsearch.client.RestClientBuilder' (OnClassCondition)

   EmbeddedLdapAutoConfiguration:
      Did not match:
         - @ConditionalOnClass did not find required class 'com.unboundid.ldap.listener.InMemoryDirectoryServer' (OnClassCondition)

   EmbeddedWebServerFactoryCustomizerAutoConfiguration:
      Did not match:
         - Application is deployed as a WAR file. (OnWarDeploymentCondition)
      Matched:
         - @ConditionalOnWebApplication (required) found 'session' scope (OnWebApplicationCondition)

   ErrorWebFluxAutoConfiguration:
      Did not match:
         - @ConditionalOnClass did not find required class 'org.springframework.web.reactive.config.WebFluxConfigurer' (OnClassCondition)

   FlywayAutoConfiguration:
      Did not match:
         - @ConditionalOnClass did not find required class 'org.flywaydb.core.Flyway' (OnClassCondition)

   FreeMarkerAutoConfiguration:
      Did not match:
         - @ConditionalOnClass did not find required class 'freemarker.template.Configuration' (OnClassCondition)

   GraphQlAutoConfiguration:
      Did not match:
         - @ConditionalOnClass did not find required class 'graphql.GraphQL' (OnClassCondition)

   GraphQlQueryByExampleAutoConfiguration:
      Did not match:
         - @ConditionalOnClass did not find required class 'graphql.GraphQL' (OnClassCondition)

   GraphQlQuerydslAutoConfiguration:
      Did not match:
         - @ConditionalOnClass did not find required class 'com.querydsl.core.Query' (OnClassCondition)

   GraphQlRSocketAutoConfiguration:
      Did not match:
         - @ConditionalOnClass did not find required class 'graphql.GraphQL' (OnClassCondition)

   GraphQlReactiveQueryByExampleAutoConfiguration:
      Did not match:
         - @ConditionalOnClass did not find required class 'graphql.GraphQL' (OnClassCondition)

   GraphQlReactiveQuerydslAutoConfiguration:
      Did not match:
         - @ConditionalOnClass did not find required class 'com.querydsl.core.Query' (OnClassCondition)

   GraphQlWebFluxAutoConfiguration:
      Did not match:
         - @ConditionalOnClass did not find required class 'graphql.GraphQL' (OnClassCondition)

   GraphQlWebFluxSecurityAutoConfiguration:
      Did not match:
         - @ConditionalOnClass did not find required class 'graphql.GraphQL' (OnClassCondition)

   GraphQlWebMvcAutoConfiguration:
      Did not match:
         - @ConditionalOnClass did not find required class 'graphql.GraphQL' (OnClassCondition)

   GraphQlWebMvcSecurityAutoConfiguration:
      Did not match:
         - @ConditionalOnClass did not find required class 'graphql.GraphQL' (OnClassCondition)

   GroovyTemplateAutoConfiguration:
      Did not match:
         - @ConditionalOnClass did not find required class 'groovy.text.markup.MarkupTemplateEngine' (OnClassCondition)

   GsonAutoConfiguration:
      Did not match:
         - @ConditionalOnClass did not find required class 'com.google.gson.Gson' (OnClassCondition)

   GsonHttpMessageConvertersConfiguration:
      Did not match:
         - @ConditionalOnClass did not find required class 'com.google.gson.Gson' (OnClassCondition)

   H2ConsoleAutoConfiguration:
      Did not match:
         - @ConditionalOnClass did not find required class 'org.h2.server.web.JakartaWebServlet' (OnClassCondition)

   HazelcastAutoConfiguration:
      Did not match:
         - @ConditionalOnClass did not find required class 'com.hazelcast.core.HazelcastInstance' (OnClassCondition)

   HazelcastCacheConfiguration:
      Did not match:
         - @ConditionalOnClass did not find required class 'com.hazelcast.core.HazelcastInstance' (OnClassCondition)

   HazelcastJpaDependencyAutoConfiguration:
      Did not match:
         - @ConditionalOnClass did not find required class 'com.hazelcast.core.HazelcastInstance' (OnClassCondition)

   HibernateJpaAutoConfiguration:
      Did not match:
         - @ConditionalOnClass did not find required class 'jakarta.persistence.EntityManager' (OnClassCondition)

   HttpHandlerAutoConfiguration:
      Did not match:
         - @ConditionalOnClass did not find required class 'org.springframework.web.reactive.DispatcherHandler' (OnClassCondition)

   HypermediaAutoConfiguration:
      Did not match:
         - @ConditionalOnClass did not find required class 'org.springframework.hateoas.EntityModel' (OnClassCondition)

   InfinispanCacheConfiguration:
      Did not match:
         - @ConditionalOnClass did not find required class 'org.infinispan.spring.embedded.provider.SpringEmbeddedCacheManager' (OnClassCondition)

   InfluxDbAutoConfiguration:
      Did not match:
         - @ConditionalOnClass did not find required class 'org.influxdb.InfluxDB' (OnClassCondition)

   IntegrationAutoConfiguration:
      Did not match:
         - @ConditionalOnClass did not find required class 'org.springframework.integration.config.EnableIntegration' (OnClassCondition)

   JCacheCacheConfiguration:
      Did not match:
         - @ConditionalOnClass did not find required class 'javax.cache.Caching' (OnClassCondition)

   JacksonHttpMessageConvertersConfiguration.MappingJackson2XmlHttpMessageConverterConfiguration:
      Did not match:
         - @ConditionalOnClass did not find required class 'com.fasterxml.jackson.dataformat.xml.XmlMapper' (OnClassCondition)

   JdbcRepositoriesAutoConfiguration:
      Did not match:
         - @ConditionalOnClass did not find required class 'org.springframework.data.jdbc.repository.config.AbstractJdbcConfiguration' (OnClassCondition)

   JerseyAutoConfiguration:
      Did not match:
         - @ConditionalOnClass did not find required class 'org.glassfish.jersey.server.spring.SpringComponentProvider' (OnClassCondition)

   JmsAutoConfiguration:
      Did not match:
         - @ConditionalOnClass did not find required class 'jakarta.jms.Message' (OnClassCondition)

   JmxAutoConfiguration:
      Did not match:
         - @ConditionalOnProperty (spring.jmx.enabled=true) found different value in property 'enabled' (OnPropertyCondition)
      Matched:
         - @ConditionalOnClass found required class 'org.springframework.jmx.export.MBeanExporter' (OnClassCondition)

   JndiConnectionFactoryAutoConfiguration:
      Did not match:
         - @ConditionalOnClass did not find required class 'org.springframework.jms.core.JmsTemplate' (OnClassCondition)

   JndiDataSourceAutoConfiguration:
      Did not match:
         - @ConditionalOnProperty (spring.datasource.jndi-name) did not find property 'jndi-name' (OnPropertyCondition)
      Matched:
         - @ConditionalOnClass found required classes 'javax.sql.DataSource', 'org.springframework.jdbc.datasource.embedded.EmbeddedDatabaseType' (OnClassCondition)

   JooqAutoConfiguration:
      Did not match:
         - @ConditionalOnClass did not find required class 'org.jooq.DSLContext' (OnClassCondition)

   JpaRepositoriesAutoConfiguration:
      Did not match:
         - @ConditionalOnClass did not find required class 'org.springframework.data.jpa.repository.JpaRepository' (OnClassCondition)

   JsonbAutoConfiguration:
      Did not match:
         - @ConditionalOnClass did not find required class 'jakarta.json.bind.Jsonb' (OnClassCondition)

   JsonbHttpMessageConvertersConfiguration:
      Did not match:
         - @ConditionalOnClass did not find required class 'jakarta.json.bind.Jsonb' (OnClassCondition)

   JtaAutoConfiguration:
      Did not match:
         - @ConditionalOnClass did not find required class 'jakarta.transaction.Transaction' (OnClassCondition)

   KafkaAutoConfiguration:
      Did not match:
         - @ConditionalOnClass did not find required class 'org.springframework.kafka.core.KafkaTemplate' (OnClassCondition)

   LdapAutoConfiguration:
      Did not match:
         - @ConditionalOnClass did not find required class 'org.springframework.ldap.core.ContextSource' (OnClassCondition)

   LdapRepositoriesAutoConfiguration:
      Did not match:
         - @ConditionalOnClass did not find required class 'org.springframework.data.ldap.repository.LdapRepository' (OnClassCondition)

   LiquibaseAutoConfiguration:
      Did not match:
         - @ConditionalOnClass did not find required class 'liquibase.change.DatabaseChange' (OnClassCondition)

   MailSenderAutoConfiguration:
      Did not match:
         - @ConditionalOnClass did not find required class 'jakarta.mail.internet.MimeMessage' (OnClassCondition)

   MailSenderValidatorAutoConfiguration:
      Did not match:
         - @ConditionalOnSingleCandidate did not find required type 'org.springframework.mail.javamail.JavaMailSenderImpl' (OnBeanCondition)

   MessageSourceAutoConfiguration:
      Did not match:
         - ResourceBundle did not find bundle with basename messages (MessageSourceAutoConfiguration.ResourceBundleCondition)

   MongoAutoConfiguration:
      Did not match:
         - @ConditionalOnClass did not find required class 'com.mongodb.client.MongoClient' (OnClassCondition)

   MongoDataAutoConfiguration:
      Did not match:
         - @ConditionalOnClass did not find required class 'com.mongodb.client.MongoClient' (OnClassCondition)

   MongoReactiveAutoConfiguration:
      Did not match:
         - @ConditionalOnClass did not find required class 'com.mongodb.reactivestreams.client.MongoClient' (OnClassCondition)

   MongoReactiveDataAutoConfiguration:
      Did not match:
         - @ConditionalOnClass did not find required class 'com.mongodb.reactivestreams.client.MongoClient' (OnClassCondition)

   MongoReactiveRepositoriesAutoConfiguration:
      Did not match:
         - @ConditionalOnClass did not find required class 'com.mongodb.reactivestreams.client.MongoClient' (OnClassCondition)

   MongoRepositoriesAutoConfiguration:
      Did not match:
         - @ConditionalOnClass did not find required class 'com.mongodb.client.MongoClient' (OnClassCondition)

   MustacheAutoConfiguration:
      Did not match:
         - @ConditionalOnClass did not find required class 'com.samskivert.mustache.Mustache' (OnClassCondition)

   MybatisAutoConfiguration#sqlSessionFactory:
      Did not match:
         - @ConditionalOnMissingBean (types: org.apache.ibatis.session.SqlSessionFactory; SearchStrategy: all) found beans of type 'org.apache.ibatis.session.SqlSessionFactory' sqlSessionFactory (OnBeanCondition)

   MybatisLanguageDriverAutoConfiguration.FreeMarkerConfiguration:
      Did not match:
         - @ConditionalOnClass did not find required classes 'org.mybatis.scripting.freemarker.FreeMarkerLanguageDriver', 'org.mybatis.scripting.freemarker.FreeMarkerLanguageDriverConfig' (OnClassCondition)

   MybatisLanguageDriverAutoConfiguration.LegacyFreeMarkerConfiguration:
      Did not match:
         - @ConditionalOnClass did not find required class 'org.mybatis.scripting.freemarker.FreeMarkerLanguageDriver' (OnClassCondition)

   MybatisLanguageDriverAutoConfiguration.LegacyVelocityConfiguration:
      Did not match:
         - @ConditionalOnClass did not find required class 'org.mybatis.scripting.velocity.Driver' (OnClassCondition)

   MybatisLanguageDriverAutoConfiguration.ThymeleafConfiguration:
      Did not match:
         - @ConditionalOnClass did not find required class 'org.mybatis.scripting.thymeleaf.ThymeleafLanguageDriver' (OnClassCondition)

   MybatisLanguageDriverAutoConfiguration.VelocityConfiguration:
      Did not match:
         - @ConditionalOnClass did not find required classes 'org.mybatis.scripting.velocity.VelocityLanguageDriver', 'org.mybatis.scripting.velocity.VelocityLanguageDriverConfig' (OnClassCondition)

   Neo4jAutoConfiguration:
      Did not match:
         - @ConditionalOnClass did not find required class 'org.neo4j.driver.Driver' (OnClassCondition)

   Neo4jDataAutoConfiguration:
      Did not match:
         - @ConditionalOnClass did not find required class 'org.neo4j.driver.Driver' (OnClassCondition)

   Neo4jReactiveDataAutoConfiguration:
      Did not match:
         - @ConditionalOnClass did not find required class 'org.neo4j.driver.Driver' (OnClassCondition)

   Neo4jReactiveRepositoriesAutoConfiguration:
      Did not match:
         - @ConditionalOnClass did not find required class 'org.neo4j.driver.Driver' (OnClassCondition)

   Neo4jRepositoriesAutoConfiguration:
      Did not match:
         - @ConditionalOnClass did not find required class 'org.neo4j.driver.Driver' (OnClassCondition)

   NettyAutoConfiguration:
      Did not match:
         - @ConditionalOnClass did not find required class 'io.netty.util.NettyRuntime' (OnClassCondition)

   OAuth2AuthorizationServerAutoConfiguration:
      Did not match:
         - @ConditionalOnClass did not find required class 'org.springframework.security.oauth2.server.authorization.OAuth2Authorization' (OnClassCondition)

   OAuth2AuthorizationServerJwtAutoConfiguration:
      Did not match:
         - @ConditionalOnClass did not find required class 'org.springframework.security.oauth2.server.authorization.OAuth2Authorization' (OnClassCondition)

   OAuth2ClientAutoConfiguration:
      Did not match:
         - @ConditionalOnClass did not find required class 'org.springframework.security.config.annotation.web.configuration.EnableWebSecurity' (OnClassCondition)

   OAuth2ResourceServerAutoConfiguration:
      Did not match:
         - @ConditionalOnClass did not find required class 'org.springframework.security.oauth2.server.resource.authentication.BearerTokenAuthenticationToken' (OnClassCondition)

   ProjectInfoAutoConfiguration#buildProperties:
      Did not match:
         - @ConditionalOnResource did not find resource '${spring.info.build.location:classpath:META-INF/build-info.properties}' (OnResourceCondition)

   ProjectInfoAutoConfiguration#gitProperties:
      Did not match:
         - GitResource did not find git info at classpath:git.properties (ProjectInfoAutoConfiguration.GitResourceAvailableCondition)

   PulsarAutoConfiguration:
      Did not match:
         - @ConditionalOnClass did not find required class 'org.apache.pulsar.client.api.PulsarClient' (OnClassCondition)

   PulsarReactiveAutoConfiguration:
      Did not match:
         - @ConditionalOnClass did not find required class 'org.apache.pulsar.client.api.PulsarClient' (OnClassCondition)

   QuartzAutoConfiguration:
      Did not match:
         - @ConditionalOnClass did not find required class 'org.quartz.Scheduler' (OnClassCondition)

   R2dbcAutoConfiguration:
      Did not match:
         - @ConditionalOnClass did not find required class 'io.r2dbc.spi.ConnectionFactory' (OnClassCondition)

   R2dbcDataAutoConfiguration:
      Did not match:
         - @ConditionalOnClass did not find required class 'org.springframework.data.r2dbc.core.R2dbcEntityTemplate' (OnClassCondition)

   R2dbcInitializationConfiguration:
      Did not match:
         - @ConditionalOnClass did not find required classes 'io.r2dbc.spi.ConnectionFactory', 'org.springframework.r2dbc.connection.init.DatabasePopulator' (OnClassCondition)

   R2dbcRepositoriesAutoConfiguration:
      Did not match:
         - @ConditionalOnClass did not find required class 'io.r2dbc.spi.ConnectionFactory' (OnClassCondition)

   R2dbcTransactionManagerAutoConfiguration:
      Did not match:
         - @ConditionalOnClass did not find required class 'org.springframework.r2dbc.connection.R2dbcTransactionManager' (OnClassCondition)

   RSocketGraphQlClientAutoConfiguration:
      Did not match:
         - @ConditionalOnClass did not find required class 'graphql.GraphQL' (OnClassCondition)

   RSocketMessagingAutoConfiguration:
      Did not match:
         - @ConditionalOnClass did not find required class 'io.rsocket.RSocket' (OnClassCondition)

   RSocketRequesterAutoConfiguration:
      Did not match:
         - @ConditionalOnClass did not find required class 'io.rsocket.RSocket' (OnClassCondition)

   RSocketSecurityAutoConfiguration:
      Did not match:
         - @ConditionalOnClass did not find required class 'org.springframework.security.rsocket.core.SecuritySocketAcceptorInterceptor' (OnClassCondition)

   RSocketServerAutoConfiguration:
      Did not match:
         - @ConditionalOnClass did not find required class 'io.rsocket.core.RSocketServer' (OnClassCondition)

   RSocketStrategiesAutoConfiguration:
      Did not match:
         - @ConditionalOnClass did not find required class 'io.netty.buffer.PooledByteBufAllocator' (OnClassCondition)

   RabbitAutoConfiguration:
      Did not match:
         - @ConditionalOnClass did not find required class 'com.rabbitmq.client.Channel' (OnClassCondition)

   ReactiveElasticsearchClientAutoConfiguration:
      Did not match:
         - @ConditionalOnClass did not find required class 'co.elastic.clients.transport.ElasticsearchTransport' (OnClassCondition)

   ReactiveElasticsearchRepositoriesAutoConfiguration:
      Did not match:
         - @ConditionalOnClass did not find required class 'reactor.core.publisher.Mono' (OnClassCondition)

   ReactiveMultipartAutoConfiguration:
      Did not match:
         - @ConditionalOnClass did not find required class 'org.springframework.web.reactive.config.WebFluxConfigurer' (OnClassCondition)

   ReactiveOAuth2ClientAutoConfiguration:
      Did not match:
         - @ConditionalOnClass did not find required class 'reactor.core.publisher.Flux' (OnClassCondition)

   ReactiveOAuth2ResourceServerAutoConfiguration:
      Did not match:
         - @ConditionalOnClass did not find required class 'org.springframework.security.config.annotation.web.reactive.EnableWebFluxSecurity' (OnClassCondition)

   ReactiveSecurityAutoConfiguration:
      Did not match:
         - @ConditionalOnClass did not find required class 'reactor.core.publisher.Flux' (OnClassCondition)

   ReactiveUserDetailsServiceAutoConfiguration:
      Did not match:
         - @ConditionalOnClass did not find required class 'org.springframework.security.authentication.ReactiveAuthenticationManager' (OnClassCondition)

   ReactiveWebServerFactoryAutoConfiguration:
      Did not match:
         - @ConditionalOnWebApplication did not find reactive web application classes (OnWebApplicationCondition)

   ReactorAutoConfiguration:
      Did not match:
         - @ConditionalOnClass did not find required class 'reactor.core.publisher.Hooks' (OnClassCondition)

   RedisAutoConfiguration:
      Did not match:
         - @ConditionalOnClass did not find required class 'org.springframework.data.redis.core.RedisOperations' (OnClassCondition)

   RedisCacheConfiguration:
      Did not match:
         - @ConditionalOnClass did not find required class 'org.springframework.data.redis.connection.RedisConnectionFactory' (OnClassCondition)

   RedisReactiveAutoConfiguration:
      Did not match:
         - @ConditionalOnClass did not find required class 'reactor.core.publisher.Flux' (OnClassCondition)

   RedisRepositoriesAutoConfiguration:
      Did not match:
         - @ConditionalOnClass did not find required class 'org.springframework.data.redis.repository.configuration.EnableRedisRepositories' (OnClassCondition)

   RepositoryRestMvcAutoConfiguration:
      Did not match:
         - @ConditionalOnClass did not find required class 'org.springframework.data.rest.webmvc.config.RepositoryRestMvcConfiguration' (OnClassCondition)

   Saml2RelyingPartyAutoConfiguration:
      Did not match:
         - @ConditionalOnClass did not find required class 'org.springframework.security.saml2.provider.service.registration.RelyingPartyRegistrationRepository' (OnClassCondition)

   SecurityAutoConfiguration:
      Did not match:
         - @ConditionalOnClass did not find required class 'org.springframework.security.authentication.DefaultAuthenticationEventPublisher' (OnClassCondition)

   SecurityFilterAutoConfiguration:
      Did not match:
         - @ConditionalOnClass did not find required class 'org.springframework.security.config.http.SessionCreationPolicy' (OnClassCondition)

   SendGridAutoConfiguration:
      Did not match:
         - @ConditionalOnClass did not find required class 'com.sendgrid.SendGrid' (OnClassCondition)

   ServletWebServerFactoryAutoConfiguration.ForwardedHeaderFilterConfiguration:
      Did not match:
         - @ConditionalOnProperty (server.forward-headers-strategy=framework) did not find property 'server.forward-headers-strategy' (OnPropertyCondition)

   ServletWebServerFactoryConfiguration.EmbeddedJetty:
      Did not match:
         - @ConditionalOnClass did not find required classes 'org.eclipse.jetty.server.Server', 'org.eclipse.jetty.util.Loader', 'org.eclipse.jetty.ee10.webapp.WebAppContext' (OnClassCondition)

   ServletWebServerFactoryConfiguration.EmbeddedUndertow:
      Did not match:
         - @ConditionalOnClass did not find required classes 'io.undertow.Undertow', 'org.xnio.SslClientAuthMode' (OnClassCondition)

   SessionAutoConfiguration:
      Did not match:
         - @ConditionalOnClass did not find required class 'org.springframework.session.Session' (OnClassCondition)

   SpringApplicationAdminJmxAutoConfiguration:
      Did not match:
         - @ConditionalOnProperty (spring.application.admin.enabled=true) did not find property 'enabled' (OnPropertyCondition)

   SpringDataWebAutoConfiguration:
      Did not match:
         - @ConditionalOnClass did not find required class 'org.springframework.data.web.PageableHandlerMethodArgumentResolver' (OnClassCondition)

   TaskExecutorConfigurations.SimpleAsyncTaskExecutorBuilderConfiguration#simpleAsyncTaskExecutorBuilderVirtualThreads:
      Did not match:
         - @ConditionalOnMissingBean (types: org.springframework.boot.task.SimpleAsyncTaskExecutorBuilder; SearchStrategy: all) found beans of type 'org.springframework.boot.task.SimpleAsyncTaskExecutorBuilder' simpleAsyncTaskExecutorBuilder (OnBeanCondition)

   TaskExecutorConfigurations.TaskExecutorConfiguration#applicationTaskExecutorVirtualThreads:
      Did not match:
         - @ConditionalOnThreading did not find VIRTUAL (OnThreadingCondition)

   TaskSchedulingAutoConfiguration#scheduledBeanLazyInitializationExcludeFilter:
      Did not match:
         - @ConditionalOnBean (names: org.springframework.context.annotation.internalScheduledAnnotationProcessor; SearchStrategy: all) did not find any beans named org.springframework.context.annotation.internalScheduledAnnotationProcessor (OnBeanCondition)

   TaskSchedulingConfigurations.SimpleAsyncTaskSchedulerBuilderConfiguration#simpleAsyncTaskSchedulerBuilderVirtualThreads:
      Did not match:
         - @ConditionalOnMissingBean (types: org.springframework.boot.task.SimpleAsyncTaskSchedulerBuilder; SearchStrategy: all) found beans of type 'org.springframework.boot.task.SimpleAsyncTaskSchedulerBuilder' simpleAsyncTaskSchedulerBuilder (OnBeanCondition)

   TaskSchedulingConfigurations.TaskSchedulerConfiguration:
      Did not match:
         - @ConditionalOnBean (names: org.springframework.context.annotation.internalScheduledAnnotationProcessor; SearchStrategy: all) did not find any beans named org.springframework.context.annotation.internalScheduledAnnotationProcessor (OnBeanCondition)

   ThymeleafAutoConfiguration:
      Did not match:
         - @ConditionalOnClass did not find required class 'org.thymeleaf.spring6.SpringTemplateEngine' (OnClassCondition)

   TransactionAutoConfiguration#transactionalOperator:
      Did not match:
         - @ConditionalOnSingleCandidate (types: org.springframework.transaction.ReactiveTransactionManager; SearchStrategy: all) did not find any beans (OnBeanCondition)

   TransactionAutoConfiguration.AspectJTransactionManagementConfiguration:
      Did not match:
         - @ConditionalOnBean did not find required type 'org.springframework.transaction.aspectj.AbstractTransactionAspect' (OnBeanCondition)
         - @ConditionalOnBean (types: org.springframework.transaction.aspectj.AbstractTransactionAspect; SearchStrategy: all) did not find any beans of type org.springframework.transaction.aspectj.AbstractTransactionAspect (OnBeanCondition)

   TransactionAutoConfiguration.EnableTransactionManagementConfiguration:
      Did not match:
         - @ConditionalOnMissingBean (types: org.springframework.transaction.annotation.AbstractTransactionManagementConfiguration; SearchStrategy: all) found beans of type 'org.springframework.transaction.annotation.AbstractTransactionManagementConfiguration' org.springframework.transaction.annotation.ProxyTransactionManagementConfiguration (OnBeanCondition)

   TransactionAutoConfiguration.EnableTransactionManagementConfiguration.CglibAutoProxyConfiguration:
      Did not match:
         - Ancestor org.springframework.boot.autoconfigure.transaction.TransactionAutoConfiguration$EnableTransactionManagementConfiguration did not match (ConditionEvaluationReport.AncestorsMatchedCondition)
      Matched:
         - @ConditionalOnProperty (spring.aop.proxy-target-class=true) matched (OnPropertyCondition)

   TransactionAutoConfiguration.EnableTransactionManagementConfiguration.JdkDynamicAutoProxyConfiguration:
      Did not match:
         - @ConditionalOnProperty (spring.aop.proxy-target-class=false) did not find property 'proxy-target-class' (OnPropertyCondition)
         - Ancestor org.springframework.boot.autoconfigure.transaction.TransactionAutoConfiguration$EnableTransactionManagementConfiguration did not match (ConditionEvaluationReport.AncestorsMatchedCondition)

   UserDetailsServiceAutoConfiguration:
      Did not match:
         - @ConditionalOnClass did not find required class 'org.springframework.security.authentication.AuthenticationManager' (OnClassCondition)

   ValidationAutoConfiguration:
      Did not match:
         - @ConditionalOnClass did not find required class 'jakarta.validation.executable.ExecutableValidator' (OnClassCondition)

   WebClientAutoConfiguration:
      Did not match:
         - @ConditionalOnClass did not find required class 'org.springframework.web.reactive.function.client.WebClient' (OnClassCondition)

   WebFluxAutoConfiguration:
      Did not match:
         - @ConditionalOnClass did not find required class 'org.springframework.web.reactive.config.WebFluxConfigurer' (OnClassCondition)

   WebMvcAutoConfiguration#hiddenHttpMethodFilter:
      Did not match:
         - @ConditionalOnProperty (spring.mvc.hiddenmethod.filter.enabled) did not find property 'enabled' (OnPropertyCondition)

   WebMvcAutoConfiguration.ProblemDetailsErrorHandlingConfiguration:
      Did not match:
         - @ConditionalOnProperty (spring.mvc.problemdetails.enabled=true) did not find property 'enabled' (OnPropertyCondition)

   WebMvcAutoConfiguration.ResourceChainCustomizerConfiguration:
      Did not match:
         - @ConditionalOnEnabledResourceChain did not find class org.webjars.WebJarAssetLocator (OnEnabledResourceChainCondition)

   WebMvcAutoConfiguration.WebMvcAutoConfigurationAdapter#beanNameViewResolver:
      Did not match:
         - @ConditionalOnMissingBean (types: org.springframework.web.servlet.view.BeanNameViewResolver; SearchStrategy: all) found beans of type 'org.springframework.web.servlet.view.BeanNameViewResolver' beanNameViewResolver (OnBeanCondition)

   WebServiceTemplateAutoConfiguration:
      Did not match:
         - @ConditionalOnClass did not find required class 'org.springframework.oxm.Marshaller' (OnClassCondition)

   WebServicesAutoConfiguration:
      Did not match:
         - @ConditionalOnClass did not find required class 'org.springframework.ws.transport.http.MessageDispatcherServlet' (OnClassCondition)

   WebSessionIdResolverAutoConfiguration:
      Did not match:
         - @ConditionalOnClass did not find required class 'reactor.core.publisher.Mono' (OnClassCondition)

   WebSocketMessagingAutoConfiguration:
      Did not match:
         - @ConditionalOnClass did not find required class 'org.springframework.web.socket.config.annotation.WebSocketMessageBrokerConfigurer' (OnClassCondition)

   WebSocketReactiveAutoConfiguration:
      Did not match:
         - @ConditionalOnWebApplication did not find reactive web application classes (OnWebApplicationCondition)

   WebSocketServletAutoConfiguration.JettyWebSocketConfiguration:
      Did not match:
         - @ConditionalOnClass did not find required class 'org.eclipse.jetty.ee10.websocket.jakarta.server.config.JakartaWebSocketServletContainerInitializer' (OnClassCondition)

   WebSocketServletAutoConfiguration.UndertowWebSocketConfiguration:
      Did not match:
         - @ConditionalOnClass did not find required class 'io.undertow.websockets.jsr.Bootstrap' (OnClassCondition)

   XADataSourceAutoConfiguration:
      Did not match:
         - @ConditionalOnClass did not find required class 'jakarta.transaction.TransactionManager' (OnClassCondition)


Exclusions:
-----------

    None


Unconditional classes:
----------------------

    org.springframework.boot.autoconfigure.context.ConfigurationPropertiesAutoConfiguration

    org.springframework.boot.autoconfigure.ssl.SslAutoConfiguration

    org.springframework.boot.autoconfigure.context.LifecycleAutoConfiguration

    org.springframework.boot.autoconfigure.context.PropertyPlaceholderAutoConfiguration

    com.ulisesbocchio.jasyptspringbootstarter.JasyptSpringBootAutoConfiguration

    org.springframework.boot.autoconfigure.availability.ApplicationAvailabilityAutoConfiguration

    org.springframework.boot.autoconfigure.info.ProjectInfoAutoConfiguration



2024-11-21 21:14:53,919 ?[34m[INFO ]?[0;39m [Test worker] ?[35m[c.p.d.topic.service.TopicServiceTest]?[0;39m: Started TopicServiceTest in 1.528 seconds (process running for 2.351)
2024-11-21 21:14:53,920 ?[39m[DEBUG]?[0;39m [Test worker] ?[35m[o.s.b.a.ApplicationAvailabilityBean]?[0;39m: Application availability state LivenessState changed to CORRECT
2024-11-21 21:14:53,921 ?[39m[DEBUG]?[0;39m [Test worker] ?[35m[o.s.b.a.ApplicationAvailabilityBean]?[0;39m: Application availability state ReadinessState changed to ACCEPTING_TRAFFIC
2024-11-21 21:14:53,923 ?[39m[DEBUG]?[0;39m [Test worker] ?[35m[o.springframework.test.context.cache]?[0;39m: Spring test ApplicationContext cache statistics: [DefaultContextCache@8ac12e6 size = 1, maxSize = 32, parentContextCount = 0, hitCount = 0, missCount = 1, failureCount = 0]
2024-11-21 21:14:53,923 ?[39m[DEBUG]?[0;39m [Test worker] ?[35m[o.s.t.c.w.ServletTestExecutionListener]?[0;39m: Setting up MockHttpServletRequest, MockHttpServletResponse, ServletWebRequest, and RequestContextHolder for test class com.petnet.domain.topic.service.TopicServiceTest
2024-11-21 21:14:53,931 ?[39m[DEBUG]?[0;39m [Test worker] ?[35m[o.s.t.c.s.DependencyInjectionTestExecutionListener]?[0;39m: Performing dependency injection for test class com.petnet.domain.topic.service.TopicServiceTest
2024-11-21 21:14:53,931 ?[39m[DEBUG]?[0;39m [Test worker] ?[35m[o.springframework.test.context.cache]?[0;39m: Spring test ApplicationContext cache statistics: [DefaultContextCache@8ac12e6 size = 1, maxSize = 32, parentContextCount = 0, hitCount = 1, missCount = 1, failureCount = 0]
2024-11-21 21:14:53,932 ?[39m[DEBUG]?[0;39m [Test worker] ?[35m[o.springframework.test.context.cache]?[0;39m: Spring test ApplicationContext cache statistics: [DefaultContextCache@8ac12e6 size = 1, maxSize = 32, parentContextCount = 0, hitCount = 2, missCount = 1, failureCount = 0]
2024-11-21 21:14:53,935 ?[39m[DEBUG]?[0;39m [Test worker] ?[35m[o.s.t.c.s.DirtiesContextBeforeModesTestExecutionListener]?[0;39m: Before test method: class [TopicServiceTest], method [searchTopics], class annotated with @DirtiesContext [false] with mode [null], method annotated with @DirtiesContext [false] with mode [null]
2024-11-21 21:14:53,937 ?[39m[DEBUG]?[0;39m [Test worker] ?[35m[o.springframework.test.context.cache]?[0;39m: Spring test ApplicationContext cache statistics: [DefaultContextCache@8ac12e6 size = 1, maxSize = 32, parentContextCount = 0, hitCount = 3, missCount = 1, failureCount = 0]
2024-11-21 21:14:53,937 ?[39m[DEBUG]?[0;39m [Test worker] ?[35m[o.springframework.test.context.cache]?[0;39m: Spring test ApplicationContext cache statistics: [DefaultContextCache@8ac12e6 size = 1, maxSize = 32, parentContextCount = 0, hitCount = 4, missCount = 1, failureCount = 0]
2024-11-21 21:14:54,459 ?[39m[DEBUG]?[0;39m [Test worker] ?[35m[o.springframework.test.context.cache]?[0;39m: Spring test ApplicationContext cache statistics: [DefaultContextCache@8ac12e6 size = 1, maxSize = 32, parentContextCount = 0, hitCount = 5, missCount = 1, failureCount = 0]
2024-11-21 21:14:54,465 ?[39m[DEBUG]?[0;39m [Test worker] ?[35m[o.s.j.support.JdbcTransactionManager]?[0;39m: Creating new transaction with name [com.petnet.domain.topic.service.TopicServiceImpl.getTopics]: PROPAGATION_REQUIRED,ISOLATION_DEFAULT
2024-11-21 21:14:54,466 ?[39m[DEBUG]?[0;39m [Test worker] ?[35m[com.zaxxer.hikari.HikariConfig]?[0;39m: HikariPool-1 - configuration:
2024-11-21 21:14:54,468 ?[39m[DEBUG]?[0;39m [Test worker] ?[35m[com.zaxxer.hikari.HikariConfig]?[0;39m: allowPoolSuspension.............false
2024-11-21 21:14:54,468 ?[39m[DEBUG]?[0;39m [Test worker] ?[35m[com.zaxxer.hikari.HikariConfig]?[0;39m: autoCommit......................true
2024-11-21 21:14:54,468 ?[39m[DEBUG]?[0;39m [Test worker] ?[35m[com.zaxxer.hikari.HikariConfig]?[0;39m: catalog.........................none
2024-11-21 21:14:54,468 ?[39m[DEBUG]?[0;39m [Test worker] ?[35m[com.zaxxer.hikari.HikariConfig]?[0;39m: connectionInitSql...............none
2024-11-21 21:14:54,468 ?[39m[DEBUG]?[0;39m [Test worker] ?[35m[com.zaxxer.hikari.HikariConfig]?[0;39m: connectionTestQuery.............none
2024-11-21 21:14:54,468 ?[39m[DEBUG]?[0;39m [Test worker] ?[35m[com.zaxxer.hikari.HikariConfig]?[0;39m: connectionTimeout...............30000
2024-11-21 21:14:54,468 ?[39m[DEBUG]?[0;39m [Test worker] ?[35m[com.zaxxer.hikari.HikariConfig]?[0;39m: dataSource......................none
2024-11-21 21:14:54,468 ?[39m[DEBUG]?[0;39m [Test worker] ?[35m[com.zaxxer.hikari.HikariConfig]?[0;39m: dataSourceClassName.............none
2024-11-21 21:14:54,469 ?[39m[DEBUG]?[0;39m [Test worker] ?[35m[com.zaxxer.hikari.HikariConfig]?[0;39m: dataSourceJNDI..................none
2024-11-21 21:14:54,469 ?[39m[DEBUG]?[0;39m [Test worker] ?[35m[com.zaxxer.hikari.HikariConfig]?[0;39m: dataSourceProperties............{password=<masked>}
2024-11-21 21:14:54,469 ?[39m[DEBUG]?[0;39m [Test worker] ?[35m[com.zaxxer.hikari.HikariConfig]?[0;39m: driverClassName................."com.mysql.cj.jdbc.Driver"
2024-11-21 21:14:54,469 ?[39m[DEBUG]?[0;39m [Test worker] ?[35m[com.zaxxer.hikari.HikariConfig]?[0;39m: exceptionOverrideClassName......none
2024-11-21 21:14:54,469 ?[39m[DEBUG]?[0;39m [Test worker] ?[35m[com.zaxxer.hikari.HikariConfig]?[0;39m: healthCheckProperties...........{}
2024-11-21 21:14:54,469 ?[39m[DEBUG]?[0;39m [Test worker] ?[35m[com.zaxxer.hikari.HikariConfig]?[0;39m: healthCheckRegistry.............none
2024-11-21 21:14:54,469 ?[39m[DEBUG]?[0;39m [Test worker] ?[35m[com.zaxxer.hikari.HikariConfig]?[0;39m: idleTimeout.....................600000
2024-11-21 21:14:54,470 ?[39m[DEBUG]?[0;39m [Test worker] ?[35m[com.zaxxer.hikari.HikariConfig]?[0;39m: initializationFailTimeout.......1
2024-11-21 21:14:54,470 ?[39m[DEBUG]?[0;39m [Test worker] ?[35m[com.zaxxer.hikari.HikariConfig]?[0;39m: isolateInternalQueries..........false
2024-11-21 21:14:54,470 ?[39m[DEBUG]?[0;39m [Test worker] ?[35m[com.zaxxer.hikari.HikariConfig]?[0;39m: jdbcUrl.........................jdbc:mysql://localhost:3306/localpetnet
2024-11-21 21:14:54,470 ?[39m[DEBUG]?[0;39m [Test worker] ?[35m[com.zaxxer.hikari.HikariConfig]?[0;39m: keepaliveTime...................0
2024-11-21 21:14:54,470 ?[39m[DEBUG]?[0;39m [Test worker] ?[35m[com.zaxxer.hikari.HikariConfig]?[0;39m: leakDetectionThreshold..........0
2024-11-21 21:14:54,470 ?[39m[DEBUG]?[0;39m [Test worker] ?[35m[com.zaxxer.hikari.HikariConfig]?[0;39m: maxLifetime.....................1800000
2024-11-21 21:14:54,470 ?[39m[DEBUG]?[0;39m [Test worker] ?[35m[com.zaxxer.hikari.HikariConfig]?[0;39m: maximumPoolSize.................10
2024-11-21 21:14:54,471 ?[39m[DEBUG]?[0;39m [Test worker] ?[35m[com.zaxxer.hikari.HikariConfig]?[0;39m: metricRegistry..................none
2024-11-21 21:14:54,471 ?[39m[DEBUG]?[0;39m [Test worker] ?[35m[com.zaxxer.hikari.HikariConfig]?[0;39m: metricsTrackerFactory...........none
2024-11-21 21:14:54,471 ?[39m[DEBUG]?[0;39m [Test worker] ?[35m[com.zaxxer.hikari.HikariConfig]?[0;39m: minimumIdle.....................10
2024-11-21 21:14:54,471 ?[39m[DEBUG]?[0;39m [Test worker] ?[35m[com.zaxxer.hikari.HikariConfig]?[0;39m: password........................<masked>
2024-11-21 21:14:54,471 ?[39m[DEBUG]?[0;39m [Test worker] ?[35m[com.zaxxer.hikari.HikariConfig]?[0;39m: poolName........................"HikariPool-1"
2024-11-21 21:14:54,471 ?[39m[DEBUG]?[0;39m [Test worker] ?[35m[com.zaxxer.hikari.HikariConfig]?[0;39m: readOnly........................false
2024-11-21 21:14:54,471 ?[39m[DEBUG]?[0;39m [Test worker] ?[35m[com.zaxxer.hikari.HikariConfig]?[0;39m: registerMbeans..................false
2024-11-21 21:14:54,471 ?[39m[DEBUG]?[0;39m [Test worker] ?[35m[com.zaxxer.hikari.HikariConfig]?[0;39m: scheduledExecutor...............none
2024-11-21 21:14:54,471 ?[39m[DEBUG]?[0;39m [Test worker] ?[35m[com.zaxxer.hikari.HikariConfig]?[0;39m: schema..........................none
2024-11-21 21:14:54,471 ?[39m[DEBUG]?[0;39m [Test worker] ?[35m[com.zaxxer.hikari.HikariConfig]?[0;39m: threadFactory...................internal
2024-11-21 21:14:54,471 ?[39m[DEBUG]?[0;39m [Test worker] ?[35m[com.zaxxer.hikari.HikariConfig]?[0;39m: transactionIsolation............default
2024-11-21 21:14:54,471 ?[39m[DEBUG]?[0;39m [Test worker] ?[35m[com.zaxxer.hikari.HikariConfig]?[0;39m: username........................"root"
2024-11-21 21:14:54,472 ?[39m[DEBUG]?[0;39m [Test worker] ?[35m[com.zaxxer.hikari.HikariConfig]?[0;39m: validationTimeout...............5000
2024-11-21 21:14:54,472 ?[34m[INFO ]?[0;39m [Test worker] ?[35m[com.zaxxer.hikari.HikariDataSource]?[0;39m: HikariPool-1 - Starting...
2024-11-21 21:14:54,721 ?[34m[INFO ]?[0;39m [Test worker] ?[35m[com.zaxxer.hikari.pool.HikariPool]?[0;39m: HikariPool-1 - Added connection com.mysql.cj.jdbc.ConnectionImpl@21d3d6ec
2024-11-21 21:14:54,722 ?[34m[INFO ]?[0;39m [Test worker] ?[35m[com.zaxxer.hikari.HikariDataSource]?[0;39m: HikariPool-1 - Start completed.
2024-11-21 21:14:54,726 ?[39m[DEBUG]?[0;39m [Test worker] ?[35m[o.s.j.support.JdbcTransactionManager]?[0;39m: Acquired Connection [HikariProxyConnection@721720488 wrapping com.mysql.cj.jdbc.ConnectionImpl@21d3d6ec] for JDBC transaction
2024-11-21 21:14:54,728 ?[39m[DEBUG]?[0;39m [Test worker] ?[35m[o.s.j.support.JdbcTransactionManager]?[0;39m: Switching JDBC Connection [HikariProxyConnection@721720488 wrapping com.mysql.cj.jdbc.ConnectionImpl@21d3d6ec] to manual commit
2024-11-21 21:14:54,733 ?[39m[DEBUG]?[0;39m [Test worker] ?[35m[org.mybatis.spring.SqlSessionUtils]?[0;39m: Creating a new SqlSession
2024-11-21 21:14:54,736 ?[39m[DEBUG]?[0;39m [Test worker] ?[35m[org.mybatis.spring.SqlSessionUtils]?[0;39m: Registering transaction synchronization for SqlSession [org.apache.ibatis.session.defaults.DefaultSqlSession@13ddaffb]
2024-11-21 21:14:54,753 ?[39m[DEBUG]?[0;39m [Test worker] ?[35m[o.m.s.t.SpringManagedTransaction]?[0;39m: JDBC Connection [HikariProxyConnection@721720488 wrapping com.mysql.cj.jdbc.ConnectionImpl@21d3d6ec] will be managed by Spring
2024-11-21 21:14:54,758 ?[39m[DEBUG]?[0;39m [Test worker] ?[35m[[.p.d.t.mapper.TopicMapper.getTopics]?[0;39m: ==>  Preparing: SELECT t.topic_id, t.author_id, u.nickname, t.topic_type, t.title, t.like_count, t.add_date FROM topic as t, user as u WHERE t.author_id = u.user_id AND t.author_id = ? AND t.topic_type = ? AND u.nickname Like '%brown%' ORDER BY t.add_date desc;
2024-11-21 21:14:54,776 ?[39m[DEBUG]?[0;39m [Test worker] ?[35m[[.p.d.t.mapper.TopicMapper.getTopics]?[0;39m: ==> Parameters: 3(Integer), 1(String)
2024-11-21 21:14:54,797 ?[39m[DEBUG]?[0;39m [Test worker] ?[35m[[.p.d.t.mapper.TopicMapper.getTopics]?[0;39m: <==      Total: 1
2024-11-21 21:14:54,800 ?[39m[DEBUG]?[0;39m [Test worker] ?[35m[org.mybatis.spring.SqlSessionUtils]?[0;39m: Releasing transactional SqlSession [org.apache.ibatis.session.defaults.DefaultSqlSession@13ddaffb]
2024-11-21 21:14:54,800 ?[39m[DEBUG]?[0;39m [Test worker] ?[35m[org.mybatis.spring.SqlSessionUtils]?[0;39m: Transaction synchronization committing SqlSession [org.apache.ibatis.session.defaults.DefaultSqlSession@13ddaffb]
2024-11-21 21:14:54,801 ?[39m[DEBUG]?[0;39m [Test worker] ?[35m[org.mybatis.spring.SqlSessionUtils]?[0;39m: Transaction synchronization deregistering SqlSession [org.apache.ibatis.session.defaults.DefaultSqlSession@13ddaffb]
2024-11-21 21:14:54,801 ?[39m[DEBUG]?[0;39m [Test worker] ?[35m[org.mybatis.spring.SqlSessionUtils]?[0;39m: Transaction synchronization closing SqlSession [org.apache.ibatis.session.defaults.DefaultSqlSession@13ddaffb]
2024-11-21 21:14:54,801 ?[39m[DEBUG]?[0;39m [Test worker] ?[35m[o.s.j.support.JdbcTransactionManager]?[0;39m: Initiating transaction commit
2024-11-21 21:14:54,801 ?[39m[DEBUG]?[0;39m [Test worker] ?[35m[o.s.j.support.JdbcTransactionManager]?[0;39m: Committing JDBC transaction on Connection [HikariProxyConnection@721720488 wrapping com.mysql.cj.jdbc.ConnectionImpl@21d3d6ec]
2024-11-21 21:14:54,803 ?[39m[DEBUG]?[0;39m [Test worker] ?[35m[o.s.j.support.JdbcTransactionManager]?[0;39m: Releasing JDBC Connection [HikariProxyConnection@721720488 wrapping com.mysql.cj.jdbc.ConnectionImpl@21d3d6ec] after transaction
2024-11-21 21:14:54,807 ?[39m[DEBUG]?[0;39m [Test worker] ?[35m[o.springframework.test.context.cache]?[0;39m: Spring test ApplicationContext cache statistics: [DefaultContextCache@8ac12e6 size = 1, maxSize = 32, parentContextCount = 0, hitCount = 6, missCount = 1, failureCount = 0]
2024-11-21 21:14:54,809 ?[39m[DEBUG]?[0;39m [Test worker] ?[35m[o.springframework.test.context.cache]?[0;39m: Spring test ApplicationContext cache statistics: [DefaultContextCache@8ac12e6 size = 1, maxSize = 32, parentContextCount = 0, hitCount = 7, missCount = 1, failureCount = 0]
2024-11-21 21:14:54,810 ?[39m[DEBUG]?[0;39m [Test worker] ?[35m[o.springframework.test.context.cache]?[0;39m: Spring test ApplicationContext cache statistics: [DefaultContextCache@8ac12e6 size = 1, maxSize = 32, parentContextCount = 0, hitCount = 8, missCount = 1, failureCount = 0]
2024-11-21 21:14:54,810 ?[39m[DEBUG]?[0;39m [Test worker] ?[35m[o.springframework.test.context.cache]?[0;39m: Spring test ApplicationContext cache statistics: [DefaultContextCache@8ac12e6 size = 1, maxSize = 32, parentContextCount = 0, hitCount = 9, missCount = 1, failureCount = 0]
2024-11-21 21:14:54,811 ?[39m[DEBUG]?[0;39m [Test worker] ?[35m[o.springframework.test.context.cache]?[0;39m: Spring test ApplicationContext cache statistics: [DefaultContextCache@8ac12e6 size = 1, maxSize = 32, parentContextCount = 0, hitCount = 10, missCount = 1, failureCount = 0]
2024-11-21 21:14:54,813 ?[39m[DEBUG]?[0;39m [Test worker] ?[35m[o.springframework.test.context.cache]?[0;39m: Spring test ApplicationContext cache statistics: [DefaultContextCache@8ac12e6 size = 1, maxSize = 32, parentContextCount = 0, hitCount = 11, missCount = 1, failureCount = 0]
2024-11-21 21:14:54,813 ?[39m[DEBUG]?[0;39m [Test worker] ?[35m[o.s.t.c.s.DirtiesContextTestExecutionListener]?[0;39m: After test method: class [TopicServiceTest], method [searchTopics], class annotated with @DirtiesContext [false] with mode [null], method annotated with @DirtiesContext [false] with mode [null]
2024-11-21 21:14:54,813 ?[39m[DEBUG]?[0;39m [Test worker] ?[35m[o.s.t.c.w.ServletTestExecutionListener]?[0;39m: Resetting RequestContextHolder for test class com.petnet.domain.topic.service.TopicServiceTest
2024-11-21 21:14:54,819 ?[39m[DEBUG]?[0;39m [Test worker] ?[35m[o.springframework.test.context.cache]?[0;39m: Spring test ApplicationContext cache statistics: [DefaultContextCache@8ac12e6 size = 1, maxSize = 32, parentContextCount = 0, hitCount = 12, missCount = 1, failureCount = 0]
2024-11-21 21:14:54,819 ?[39m[DEBUG]?[0;39m [Test worker] ?[35m[o.s.t.c.s.DirtiesContextTestExecutionListener]?[0;39m: After test class: class [TopicServiceTest], class annotated with @DirtiesContext [false] with mode [null]
]]></system-out>
  <system-err><![CDATA[]]></system-err>
</testsuite>
